#
# A fatal error has been detected by the Java Runtime Environment:
#
#  Internal Error (jvmciRuntime.cpp:1609), pid=31, tid=45
#  fatal error: Fatal exception in JVMCI: Error calling jdk.vm.ci.services.Services.serializeSavedProperties
#
# JRE version: OpenJDK Runtime Environment GraalVM CE 22.3.0 (17.0.5+8) (build 17.0.5+8-jvmci-22.3-b08)
# Java VM: OpenJDK 64-Bit Server VM GraalVM CE 22.3.0 (17.0.5+8-jvmci-22.3-b08, mixed mode, sharing, tiered, jvmci, jvmci compiler, compressed oops, compressed class ptrs, parallel gc, linux-amd64)
# Problematic frame:
# V  [libjvm.so+0x972714]  JVMCIRuntime::fatal_exception(JVMCIEnv*, char const*)+0x74
#
# Core dump will be written. Default location: Core dumps may be processed with "/usr/share/apport/apport -p%p -s%s -c%c -d%d -P%P -u%u -g%g -- %E" (or dumping to /home/runner/Preservative-calculator-G4/core.31)
#
# If you would like to submit a bug report, please visit:
#   https://github.com/oracle/graal/issues
#

---------------  S U M M A R Y ------------

Command Line: -XX:ThreadPriorityPolicy=1 -XX:+UnlockExperimentalVMOptions -XX:+EnableJVMCIProduct -XX:JVMCIThreadsPerNativeLibraryRuntime=1 -XX:-UnlockExperimentalVMOptions -Declipse.application=org.eclipse.jdt.ls.core.id1 -Dosgi.bundles.defaultStartLevel=4 -Declipse.product=org.eclipse.jdt.ls.core.product -Dlog.level=ALL -Xverify:none -XX:+UseParallelGC -XX:GCTimeRatio=4 -XX:AdaptiveSizePolicyWeight=90 -Dsun.zip.disableMemoryMapping=true -Xmx512m -Xms100m /nix/store/m6gcpi1ii6rghy04cjwjddcavv7i90df-jdt-language-server-1.9.0/share/java/plugins/org.eclipse.equinox.launcher_1.6.400.v20210924-0641.jar --add-modules=ALL-SYSTEM --add-opens java.base/java.util=ALL-UNNAMED --add-opens java.base/java.lang=ALL-UNNAMED -configuration /home/runner/.cache/jdt-language-server/config -data /home/runner/.cache/jdt-language-server/data/home/runner/Preservative-calculator-G4

Host: AMD EPYC 7B13, 4 cores, 1G, Ubuntu 20.04.2 LTS
Time: Fri Mar  3 14:30:13 2023 UTC elapsed time: 809.579144 seconds (0d 0h 13m 29s)

---------------  T H R E A D  ---------------

Current thread (0x00007f3a840b2230):  JavaThread "JVMCI-native CompilerThread0" daemon [_thread_in_vm, id=45, stack(0x00007f3a6951a000,0x00007f3a6971a000)]


Current CompileTask:
JVMCI-native: 809579 6774       4       org.eclipse.jdt.core.compiler.CharOperation::isWhitespace (23 bytes)

Stack: [0x00007f3a6951a000,0x00007f3a6971a000],  sp=0x00007f3a69718380,  free space=2040k
Native frames: (J=compiled Java code, j=interpreted, Vv=VM code, C=native code)
V  [libjvm.so+0x972714]  JVMCIRuntime::fatal_exception(JVMCIEnv*, char const*)+0x74
V  [libjvm.so+0x93e2fe]  JVMCIEnv::copy_saved_properties()+0x14e
V  [libjvm.so+0x9732a9]  JVMCIRuntime::initialize(JVMCIEnv*)+0xb19
V  [libjvm.so+0x9738a2]  JVMCIRuntime::get_HotSpotJVMCIRuntime(JVMCIEnv*)+0x12
V  [libjvm.so+0x9749f2]  JVMCIRuntime::compile_method(JVMCIEnv*, JVMCICompiler*, methodHandle const&, int)+0xd2
V  [libjvm.so+0x5b0d20]  CompileBroker::invoke_compiler_on_method(CompileTask*)+0x1470
V  [libjvm.so+0x5b12e8]  CompileBroker::compiler_thread_loop()+0x528
V  [libjvm.so+0xd82460]  JavaThread::thread_main_inner()+0xd0
V  [libjvm.so+0xd85a40]  Thread::call_run()+0xc0
V  [libjvm.so+0xbdb1e1]  thread_native_entry(Thread*)+0xe1

Register to memory mapping:

RAX=0x00007f3a8929e000 points into unknown readable memory: 0x0000000000000058 | 58 00 00 00 00 00 00 00
RBX=0x00007f3a8a399398: <offset 0x0000000000ef5398> in /nix/store/gpxl5qgg8kicmcvivwmybwjlpf7wh20l-graalvm17-ce-22.3.0/lib/server/libjvm.so at 0x00007f3a894a4000
RCX=0x00007f3a8a3511e8: <offset 0x0000000000ead1e8> in /nix/store/gpxl5qgg8kicmcvivwmybwjlpf7wh20l-graalvm17-ce-22.3.0/lib/server/libjvm.so at 0x00007f3a894a4000
RDX=0x0000000000000649 is an unknown value
RSP=0x00007f3a69718380 is pointing into the stack for thread: 0x00007f3a840b2230
RBP=0x00007f3a697183a0 is pointing into the stack for thread: 0x00007f3a840b2230
RSI=0x00007f3a8a399c48: <offset 0x0000000000ef5c48> in /nix/store/gpxl5qgg8kicmcvivwmybwjlpf7wh20l-graalvm17-ce-22.3.0/lib/server/libjvm.so at 0x00007f3a894a4000
RDI=0x00000000e0000000 is an oop: [B 
{0x00000000e0000000} - klass: {type array byte}
 - length: 49
R8 =0x00007f3a8a399398: <offset 0x0000000000ef5398> in /nix/store/gpxl5qgg8kicmcvivwmybwjlpf7wh20l-graalvm17-ce-22.3.0/lib/server/libjvm.so at 0x00007f3a894a4000
R9 =0x00007f3a69718330 is pointing into the stack for thread: 0x00007f3a840b2230
R10=0x00007f3a69719948 is pointing into the stack for thread: 0x00007f3a840b2230
R11=0x0000000000000293 is an unknown value
R12=0x0 is NULL
R13=0x00007f3a840b2230 is a thread
R14=0x00007f3a84000b80 points into unknown readable memory: 0x00007f3a8a5caa38 | 38 aa 5c 8a 3a 7f 00 00
R15=0x00007f3a8a6d8e40: <offset 0x0000000001234e40> in /nix/store/gpxl5qgg8kicmcvivwmybwjlpf7wh20l-graalvm17-ce-22.3.0/lib/server/libjvm.so at 0x00007f3a894a4000


Registers:
RAX=0x00007f3a8929e000, RBX=0x00007f3a8a399398, RCX=0x00007f3a8a3511e8, RDX=0x0000000000000649
RSP=0x00007f3a69718380, RBP=0x00007f3a697183a0, RSI=0x00007f3a8a399c48, RDI=0x00000000e0000000
R8 =0x00007f3a8a399398, R9 =0x00007f3a69718330, R10=0x00007f3a69719948, R11=0x0000000000000293
R12=0x0000000000000000, R13=0x00007f3a840b2230, R14=0x00007f3a84000b80, R15=0x00007f3a8a6d8e40
RIP=0x00007f3a89e16714, EFLAGS=0x0000000000010206, CSGSFS=0x002b000000000033, ERR=0x0000000000000006
  TRAPNO=0x000000000000000e

Top of Stack: (sp=0x00007f3a69718380)
0x00007f3a69718380:   00007f3a69718940 00007f3a840b2230
0x00007f3a69718390:   00007f3a88c2f8c8 0000000800c417a0
0x00007f3a697183a0:   00007f3a69718500 00007f3a89de22fe
0x00007f3a697183b0:   00007f3a697183e0 00007f3a69718440 

Instructions: (pc=0x00007f3a89e16714)
0x00007f3a89e16614:   30 e8 f6 cf e8 ff 4c 89 e7 e8 2e 48 d1 ff 84 db
0x00007f3a89e16624:   75 2a 4d 85 ed 74 04 4d 8b 6d 00 48 83 c4 08 44
0x00007f3a89e16634:   89 f9 4c 89 f2 4c 89 ee 5b 4c 89 e7 41 5c 41 5d
0x00007f3a89e16644:   41 5e 41 5f 5d e9 e2 47 d1 ff 66 90 48 83 c4 08
0x00007f3a89e16654:   5b 41 5c 41 5d 41 5e 41 5f 5d c3 90 31 d2 be 08
0x00007f3a89e16664:   00 00 00 4c 89 ff e8 b1 78 a3 ff 49 89 c5 e9 37
0x00007f3a89e16674:   ff ff ff 66 0f 1f 84 00 00 00 00 00 48 8b 7a 08
0x00007f3a89e16684:   e9 6d ff ff ff 0f 1f 80 00 00 00 00 e8 5b 48 0a
0x00007f3a89e16694:   00 84 c0 75 89 e9 6a ff ff ff 66 90 55 48 89 e5
0x00007f3a89e166a4:   41 56 41 55 41 54 49 89 fc 53 48 89 f3 66 48 8d
0x00007f3a89e166b4:   3d 27 5e 85 00 66 66 48 e8 df 43 8d ff 4c 8b 28
0x00007f3a89e166c4:   8b 05 be 72 8a 00 85 c0 75 14 ba 01 00 00 00 48
0x00007f3a89e166d4:   8d 0d ae 72 8a 00 f0 0f b1 11 85 c0 74 4e be c8
0x00007f3a89e166e4:   00 00 00 4c 89 ef e8 01 0b 41 00 48 8d 05 12 ac
0x00007f3a89e166f4:   85 00 49 89 d8 48 8d 0d e8 aa 53 00 ba 49 06 00
0x00007f3a89e16704:   00 48 8d 35 3c 35 58 00 bf 00 00 00 e0 48 8b 00
0x00007f3a89e16714:   c6 00 58 31 c0 e8 e2 91 c6 ff 5b 41 5c 41 5d 41
0x00007f3a89e16724:   5e 5d e9 55 34 26 00 0f 1f 44 00 00 48 8d 05 81
0x00007f3a89e16734:   a3 8b 00 48 89 df 4c 8b 30 e8 9e 43 8d ff 48 89
0x00007f3a89e16744:   de 48 89 c2 49 8b 06 4c 89 f7 ff 50 08 4c 89 f7
0x00007f3a89e16754:   e8 a7 5c 27 00 4d 85 e4 74 12 be 01 00 00 00 4c
0x00007f3a89e16764:   89 e7 e8 35 43 fc ff eb 82 0f 1f 00 be 01 00 00
0x00007f3a89e16774:   00 4c 89 ef e8 d3 fd ff ff e9 6d ff ff ff 66 66
0x00007f3a89e16784:   2e 0f 1f 84 00 00 00 00 00 0f 1f 00 55 48 89 e5
0x00007f3a89e16794:   41 57 41 56 41 55 41 54 53 48 81 ec 08 02 00 00
0x00007f3a89e167a4:   64 48 8b 04 25 28 00 00 00 48 89 45 c8 8b 07 83
0x00007f3a89e167b4:   f8 02 0f 84 11 04 00 00 4c 8b 6f 18 49 89 ff 49
0x00007f3a89e167c4:   89 f4 4d 85 ed 74 14 4c 89 ef e8 5d 57 22 00 41
0x00007f3a89e167d4:   8b 07 83 f8 02 0f 84 19 04 00 00 48 8d 1d 9a 06
0x00007f3a89e167e4:   8a 00 4c 8d 35 0b 3c 58 00 eb 38 90 48 85 d2 7f
0x00007f3a89e167f4:   0d 48 8d 05 b4 c0 85 00 48 83 38 00 7e 0e 41 8b
0x00007f3a89e16804:   77 2c 4c 89 f7 31 c0 e8 a0 b2 f7 ff 49 8b 7f 18 


Stack slot to memory mapping:
stack at sp + 0 slots: 0x00007f3a69718940 is pointing into the stack for thread: 0x00007f3a840b2230
stack at sp + 1 slots: 0x00007f3a840b2230 is a thread
stack at sp + 2 slots: 0x00007f3a88c2f8c8 points into unknown readable memory: 0x6573001880c9ffff | ff ff c9 80 18 00 73 65
stack at sp + 3 slots: 0x0000000800c417a0 is a pointer to class: 
jdk.vm.ci.services.Services {0x0000000800c417a0}
 - instance size:     2
 - klass size:        65
 - access:            public final synchronized 
 - state:             fully_initialized
 - name:              'jdk/vm/ci/services/Services'
 - super:             'java/lang/Object'
 - sub:               
 - arrays:            NULL
 - methods:           Array<T>(0x00007f3a69c44748)
 - method ordering:   Array<T>(0x0000000800928960)
 - default_methods:   Array<T>(0x0000000000000000)
 - local interfaces:  Array<T>(0x00000008005ce810)
 - trans. interfaces: Array<T>(0x00000008005ce810)
 - constants:         constant pool [427] {0x00007f3a69c43828} for 'jdk/vm/ci/services/Services' cache=0x00007f3a69c45a18
 - class loader data:  loader data: 0x00007f3a84028410 of 'bootstrap'
 - source file:       'Services.java'
 - class annotations:       Array<T>(0x0000000000000000)
 - class type annotations:  Array<T>(0x0000000000000000)
 - field annotations:       Array<T>(0x0000000000000000)
 - field type annotations:  Array<T>(0x0000000000000000)
 - inner classes:     Array<T>(0x00007f3a69c459e8)
 - nest members:     Array<T>(0x00007f3a69c45a08)
 - permitted subclasses:     Array<T>(0x00000008005ce7a0)
 - java mirror:       a 'java/lang/Class'{0x00000000e017adf0} = 'jdk/vm/ci/services/Services'
 - vtable length      5  (start addr: 0x0000000800c41970)
 - itable length      2 (start addr: 0x0000000800c41998)
 - ---- static fields (3 words):
 - public static final 'IS_BUILDING_NATIVE_IMAGE' 'Z' @128 
 - public static final 'IS_IN_NATIVE_IMAGE' 'Z' @129 
 - private static volatile 'savedProperties' 'Ljava/util/Map;' @112 
 - static final 'JVMCI_ENABLED' 'Z' @130 
 - private static final 'servicesCache' 'Ljava/util/Map;' @116 
 - private static final 'MAX_UNICODE_IN_UTF8_LENGTH' 'I' @120 
 - private static final 'MAX_UTF8_PROPERTY_STRING_LENGTH' 'I' @124 
 - ---- non-static fields (0 words):
 - non-static oop maps: 
stack at sp + 4 slots: 0x00007f3a69718500 is pointing into the stack for thread: 0x00007f3a840b2230
stack at sp + 5 slots: 0x00007f3a89de22fe: <offset 0x000000000093e2fe> in /nix/store/gpxl5qgg8kicmcvivwmybwjlpf7wh20l-graalvm17-ce-22.3.0/lib/server/libjvm.so at 0x00007f3a894a4000
stack at sp + 6 slots: 0x00007f3a697183e0 is pointing into the stack for thread: 0x00007f3a840b2230
stack at sp + 7 slots: 0x00007f3a69718440 is pointing into the stack for thread: 0x00007f3a840b2230


---------------  P R O C E S S  ---------------

Threads class SMR info:
_java_thread_list=0x00007f3a2800a100, length=27, elements={
0x00007f3a840266b0, 0x00007f3a840a64f0, 0x00007f3a840a7930, 0x00007f3a840ae0a0,
0x00007f3a840af450, 0x00007f3a840b0840, 0x00007f3a840b2230, 0x00007f3a840b3740,
0x00007f3a840b4b90, 0x00007f3a840d7ab0, 0x00007f3a8411f440, 0x00007f3a8431a4e0,
0x00007f3a8434d890, 0x00007f3a84350100, 0x00007f3a84335250, 0x00007f3a18017170,
0x00007f3a182b2750, 0x00007f3a0c0010d0, 0x00007f3a18490bb0, 0x00007f3a185fed00,
0x00007f3a84378940, 0x00007f3a843bdde0, 0x00007f3a1c025340, 0x00007f3a181b0c00,
0x00005621b17347f0, 0x00007f3a10189800, 0x00007f3a101469c0
}

Java Threads: ( => current thread )
  0x00007f3a840266b0 JavaThread "main" [_thread_blocked, id=37, stack(0x00007f3a892bf000,0x00007f3a893bf000)]
  0x00007f3a840a64f0 JavaThread "Reference Handler" daemon [_thread_blocked, id=40, stack(0x00007f3a882d6000,0x00007f3a883d6000)]
  0x00007f3a840a7930 JavaThread "Finalizer" daemon [_thread_blocked, id=41, stack(0x00007f3a881d6000,0x00007f3a882d6000)]
  0x00007f3a840ae0a0 JavaThread "Signal Dispatcher" daemon [_thread_blocked, id=42, stack(0x00007f3a880d6000,0x00007f3a881d6000)]
  0x00007f3a840af450 JavaThread "Service Thread" daemon [_thread_blocked, id=43, stack(0x00007f3a6981a000,0x00007f3a6991a000)]
  0x00007f3a840b0840 JavaThread "Monitor Deflation Thread" daemon [_thread_blocked, id=44, stack(0x00007f3a6971a000,0x00007f3a6981a000)]
=>0x00007f3a840b2230 JavaThread "JVMCI-native CompilerThread0" daemon [_thread_in_vm, id=45, stack(0x00007f3a6951a000,0x00007f3a6971a000)]
  0x00007f3a840b3740 JavaThread "C1 CompilerThread0" daemon [_thread_blocked, id=46, stack(0x00007f3a6931a000,0x00007f3a6951a000)]
  0x00007f3a840b4b90 JavaThread "Sweeper thread" daemon [_thread_blocked, id=47, stack(0x00007f3a6921a000,0x00007f3a6931a000)]
  0x00007f3a840d7ab0 JavaThread "Common-Cleaner" daemon [_thread_blocked, id=48, stack(0x00007f3a6911a000,0x00007f3a6921a000)]
  0x00007f3a8411f440 JavaThread "Notification Thread" daemon [_thread_blocked, id=49, stack(0x00007f3a6901a000,0x00007f3a6911a000)]
  0x00007f3a8431a4e0 JavaThread "Active Thread: Equinox Container: 8d9003a0-670f-493a-861d-d5b361f12ff5" [_thread_blocked, id=64, stack(0x00007f3a68d00000,0x00007f3a68e00000)]
  0x00007f3a8434d890 JavaThread "Framework Event Dispatcher: Equinox Container: 8d9003a0-670f-493a-861d-d5b361f12ff5" daemon [_thread_blocked, id=65, stack(0x00007f3a68b00000,0x00007f3a68c00000)]
  0x00007f3a84350100 JavaThread "Start Level: Equinox Container: 8d9003a0-670f-493a-861d-d5b361f12ff5" daemon [_thread_blocked, id=66, stack(0x00007f3a68900000,0x00007f3a68a00000)]
  0x00007f3a84335250 JavaThread "Refresh Thread: Equinox Container: 8d9003a0-670f-493a-861d-d5b361f12ff5" daemon [_thread_blocked, id=67, stack(0x00007f3a68700000,0x00007f3a68800000)]
  0x00007f3a18017170 JavaThread "SCR Component Actor" daemon [_thread_blocked, id=74, stack(0x00007f3a68500000,0x00007f3a68600000)]
  0x00007f3a182b2750 JavaThread "Worker-JM" [_thread_blocked, id=78, stack(0x00007f3a68300000,0x00007f3a68400000)]
  0x00007f3a0c0010d0 JavaThread "Worker-1" [_thread_blocked, id=80, stack(0x00007f3a30900000,0x00007f3a30a00000)]
  0x00007f3a18490bb0 JavaThread "Java indexing" daemon [_thread_blocked, id=87, stack(0x00007f3a30700000,0x00007f3a30800000)]
  0x00007f3a185fed00 JavaThread "Bundle File Closer" daemon [_thread_blocked, id=90, stack(0x00007f3a30500000,0x00007f3a30600000)]
  0x00007f3a84378940 JavaThread "pool-3-thread-1" [_thread_blocked, id=91, stack(0x00007f3a30300000,0x00007f3a30400000)]
  0x00007f3a843bdde0 JavaThread "pool-2-thread-1" [_thread_blocked, id=92, stack(0x00007f3a30100000,0x00007f3a30200000)]
  0x00007f3a1c025340 JavaThread "Worker-3: Periodic workspace save." [_thread_blocked, id=100, stack(0x00007f3a2fd00000,0x00007f3a2fe00000)]
  0x00007f3a181b0c00 JavaThread "Worker-4: Java indexing... " [_thread_blocked, id=101, stack(0x00007f3a2fb00000,0x00007f3a2fc00000)]
  0x00005621b17347f0 JavaThread "Worker-5" [_thread_blocked, id=1065, stack(0x00007f3a68100000,0x00007f3a68200000)]
  0x00007f3a10189800 JavaThread "Thread-4" [_thread_blocked, id=1219, stack(0x00007f3a2f900000,0x00007f3a2fa00000)]
  0x00007f3a101469c0 JavaThread "Thread-5" [_thread_blocked, id=1734, stack(0x00007f3a68400000,0x00007f3a68500000)]

Other Threads:
  0x00007f3a840a1c30 VMThread "VM Thread" [stack: 0x00007f3a883d8000,0x00007f3a884d8000] [id=39] _threads_hazard_ptr=0x00007f3a2800a100
  0x00007f3a84120de0 WatcherThread [stack: 0x00007f3a68f1a000,0x00007f3a6901a000] [id=50]
  0x00007f3a8403df50 GCTaskThread "GC Thread#0" [stack: 0x00007f3a88e82000,0x00007f3a88f82000] [id=38]

Threads with active compile tasks:
JVMCI-native CompilerThread0   809636 6774       4       org.eclipse.jdt.core.compiler.CharOperation::isWhitespace (23 bytes)

VM state: synchronizing (normal execution)

VM Mutex/Monitor currently owned by a thread:  ([mutex/lock_event])
[0x00007f3a84023860] Threads_lock - owner thread: 0x00007f3a840a1c30
[0x00007f3a84024010] Heap_lock - owner thread: 0x00007f3a1c025340

OutOfMemory and StackOverflow Exception counts:
OutOfMemoryError java_heap_errors=28
LinkageErrors=51

Heap address: 0x00000000e0000000, size: 512 MB, Compressed Oops mode: 32-bit

CDS archive(s) mapped at: [0x0000000800000000-0x0000000800bc8000-0x0000000800bc8000), size 12353536, SharedBaseAddress: 0x0000000800000000, ArchiveRelocationMode: 0.
Compressed class space mapped at: 0x0000000800c00000-0x0000000840c00000, reserved size: 1073741824
Narrow klass base: 0x0000000800000000, Narrow klass shift: 0, Narrow klass range: 0x100000000

GC Precious Log:
 CPUs: 4 total, 1 available
 Memory: 1024M
 Large Page Support: Disabled
 NUMA Support: Disabled
 Compressed Oops: Enabled (32-bit)
 Alignments: Space 512K, Generation 512K, Heap 2M
 Heap Min Capacity: 100M
 Heap Initial Capacity: 100M
 Heap Max Capacity: 512M
 Pre-touch: Disabled
 Parallel Workers: 1

Heap:
 PSYoungGen      total 29696K, used 22016K [0x00000000f5580000, 0x00000000f7c00000, 0x0000000100000000)
  eden space 22016K, 100% used [0x00000000f5580000,0x00000000f6b00000,0x00000000f6b00000)
  from space 7680K, 0% used [0x00000000f6b00000,0x00000000f6b00000,0x00000000f7280000)
  to   space 7680K, 0% used [0x00000000f7280000,0x00000000f7280000,0x00000000f7a00000)
 ParOldGen       total 349696K, used 349695K [0x00000000e0000000, 0x00000000f5580000, 0x00000000f5580000)
  object space 349696K, 99% used [0x00000000e0000000,0x00000000f557fff8,0x00000000f5580000)
 Metaspace       used 52581K, committed 53312K, reserved 1097728K
  class space    used 5323K, committed 5632K, reserved 1048576K

Card table byte_map: [0x00007f3a88f82000,0x00007f3a89083000] _byte_map_base: 0x00007f3a88882000

Marking Bits: (ParMarkBitMap*) 0x00007f3a8a6d24c0
 Begin Bits: [0x00007f3a6a4b3000, 0x00007f3a6acb3000)
 End Bits:   [0x00007f3a6acb3000, 0x00007f3a6b4b3000)

Polling page: 0x00007f3a8929c000

Metaspace:

Usage:
  Non-class:     46.15 MB used.
      Class:      5.20 MB used.
       Both:     51.35 MB used.

Virtual space:
  Non-class space:       48.00 MB reserved,      46.56 MB ( 97%) committed,  6 nodes.
      Class space:        1.00 GB reserved,       5.50 MB ( <1%) committed,  1 nodes.
             Both:        1.05 GB reserved,      52.06 MB (  5%) committed. 

Chunk freelists:
   Non-Class:  1.05 MB
       Class:  2.41 MB
        Both:  3.46 MB

MaxMetaspaceSize: unlimited
CompressedClassSpaceSize: 1.00 GB
Initial GC threshold: 21.00 MB
Current GC threshold: 86.69 MB
CDS: on
MetaspaceReclaimPolicy: balanced
 - commit_granule_bytes: 65536.
 - commit_granule_words: 8192.
 - virtual_space_node_default_size: 1048576.
 - enlarge_chunks_in_place: 1.
 - new_chunks_are_fully_committed: 0.
 - uncommit_free_chunks: 1.
 - use_allocation_guard: 0.
 - handle_deallocations: 1.


Internal statistics:

num_allocs_failed_limit: 6.
num_arena_births: 342.
num_arena_deaths: 66.
num_vsnodes_births: 7.
num_vsnodes_deaths: 0.
num_space_committed: 832.
num_space_uncommitted: 0.
num_chunks_returned_to_freelist: 92.
num_chunks_taken_from_freelist: 2298.
num_chunk_merges: 32.
num_chunk_splits: 1495.
num_chunks_enlarged: 970.
num_purges: 2.
num_inconsistent_stats: 0.

CodeHeap 'non-profiled nmethods': size=120036Kb used=2177Kb max_used=2177Kb free=117858Kb
 bounds [0x00007f3a72f7a000, 0x00007f3a731ea000, 0x00007f3a7a4b3000]
CodeHeap 'profiled nmethods': size=120032Kb used=10870Kb max_used=13190Kb free=109161Kb
 bounds [0x00007f3a6ba42000, 0x00007f3a6c782000, 0x00007f3a72f7a000]
CodeHeap 'non-nmethods': size=5692Kb used=1368Kb max_used=1378Kb free=4323Kb
 bounds [0x00007f3a6b4b3000, 0x00007f3a6b723000, 0x00007f3a6ba42000]
 total_blobs=5686 nmethods=4984 adapters=601
 compilation: enabled
              stopped_count=0, restarted_count=0
 full_count=0

JVMCI Events (20 events):
Event: 560.637 Thread 0x00007f3a840b2230 compacted oop handles in JVMCI runtime 0 from 72 to 72
Event: 560.637 Thread 0x00007f3a840b2230 releasing handles for JVMCI runtime 0: oop handles=72, metadata handles={total=128, live=123, blocks=44}
Event: 560.637 Thread 0x00007f3a840b2230 detached from JVMCI runtime 0
Event: 638.875 Thread 0x00007f3a840b2230 attached to JVMCI runtime 0
Event: 638.876 Thread 0x00007f3a840b2230 created JavaVM[6]@0x00007f3a2f39e340 for JVMCI runtime 0
Event: 638.876 Thread 0x00007f3a840b2230 initializing JVMCI runtime 0
Event: 638.876 Thread 0x00007f3a840b2230 done waiting for JavaVM references initialization in JVMCI runtime 0
Event: 650.472 Thread 0x00007f3a840b2230 initialized JVMCI runtime 0
Event: 672.941 Thread 0x00007f3a840b2230 compacted oop handles in JVMCI runtime 0 from 59 to 58
Event: 673.969 Thread 0x00007f3a840b2230 detaching from JVMCI runtime 0: releasing idle compiler thread (0 other threads still attached)
Event: 673.969 Thread 0x00007f3a840b2230 shutting down HotSpotJVMCIRuntime for JVMCI runtime 0
Event: 673.969 Thread 0x00007f3a840b2230 shut down JVMCI runtime 0
Event: 673.970 Thread 0x00007f3a840b2230 destroyed JavaVM[6]@0x00007f3a2f39e340 for JVMCI runtime 0
Event: 673.970 Thread 0x00007f3a840b2230 compacted oop handles in JVMCI runtime 0 from 63 to 63
Event: 673.970 Thread 0x00007f3a840b2230 releasing handles for JVMCI runtime 0: oop handles=63, metadata handles={total=96, live=93, blocks=44}
Event: 673.970 Thread 0x00007f3a840b2230 detached from JVMCI runtime 0
Event: 710.251 Thread 0x00007f3a840b2230 attached to JVMCI runtime 0
Event: 710.252 Thread 0x00007f3a840b2230 created JavaVM[7]@0x00007f3a2f39e340 for JVMCI runtime 0
Event: 710.252 Thread 0x00007f3a840b2230 initializing JVMCI runtime 0
Event: 710.252 Thread 0x00007f3a840b2230 done waiting for JavaVM references initialization in JVMCI runtime 0

Compilation events (20 events):
Event: 631.342 Thread 0x00007f3a840b3740 nmethod 6764 0x00007f3a6c54d990 code [0x00007f3a6c54dc40, 0x00007f3a6c54f690]
Event: 631.343 Thread 0x00007f3a840b3740 6765       3       org.eclipse.core.internal.filesystem.local.LocalFile::compareTo (34 bytes)
Event: 631.343 Thread 0x00007f3a840b3740 nmethod 6765 0x00007f3a6c368f10 code [0x00007f3a6c3691a0, 0x00007f3a6c36a490]
Event: 631.343 Thread 0x00007f3a840b3740 6766       3       org.eclipse.core.internal.filesystem.FileStoreUtil::comparePathSegments (34 bytes)
Event: 631.343 Thread 0x00007f3a840b3740 nmethod 6766 0x00007f3a6bae3810 code [0x00007f3a6bae39e0, 0x00007f3a6bae3be0]
Event: 638.875 Thread 0x00007f3a840b2230 6768       4       java.util.Properties::getProperty (50 bytes)
Event: 643.638 Thread 0x00007f3a840b3740 6769   !   3       jdk.internal.loader.BuiltinClassLoader$2::run (114 bytes)
Event: 643.639 Thread 0x00007f3a840b3740 nmethod 6769 0x00007f3a6c334610 code [0x00007f3a6c3348a0, 0x00007f3a6c336170]
Event: 672.941 Thread 0x00007f3a840b2230 nmethod 6768 0x00007f3a73198a10 code [0x00007f3a73198bc0, 0x00007f3a73199230]
Event: 672.941 Thread 0x00007f3a840b2230 6770       4       java.util.Optional::orElse (16 bytes)
Event: 672.943 Thread 0x00007f3a840b2230 nmethod 6770 0x00007f3a73199610 code [0x00007f3a73199780, 0x00007f3a731997d0]
Event: 672.943 Thread 0x00007f3a840b2230 6771       4       org.eclipse.core.internal.resources.Resource::hashCode (8 bytes)
Event: 672.944 Thread 0x00007f3a840b2230 nmethod 6771 0x00007f3a73199910 code [0x00007f3a73199a80, 0x00007f3a73199b30]
Event: 708.260 Thread 0x00007f3a840b3740 6772       1       org.eclipse.jdt.internal.compiler.ast.TypeReference::getAnnotatableLevels (2 bytes)
Event: 708.260 Thread 0x00007f3a840b3740 nmethod 6772 0x00007f3a73199c10 code [0x00007f3a73199da0, 0x00007f3a73199e70]
Event: 708.260 Thread 0x00007f3a840b3740 6773       1       org.eclipse.core.internal.jobs.InternalJob::getPriority (5 bytes)
Event: 708.260 Thread 0x00007f3a840b3740 nmethod 6773 0x00007f3a73199f10 code [0x00007f3a7319a0a0, 0x00007f3a7319a170]
Event: 710.251 Thread 0x00007f3a840b2230 6774       4       org.eclipse.jdt.core.compiler.CharOperation::isWhitespace (23 bytes)
Event: 765.136 Thread 0x00007f3a840b3740 6776       1       org.eclipse.osgi.internal.framework.EquinoxContainer::getStorage (5 bytes)
Event: 767.140 Thread 0x00007f3a840b3740 nmethod 6776 0x00007f3a7319a210 code [0x00007f3a7319a3a0, 0x00007f3a7319a470]

GC Heap History (20 events):
Event: 799.745 GC heap before
{Heap before GC invocations=852 (full 737):
 PSYoungGen      total 29696K, used 22015K [0x00000000f5580000, 0x00000000f7c00000, 0x0000000100000000)
  eden space 22016K, 99% used [0x00000000f5580000,0x00000000f6afffd8,0x00000000f6b00000)
  from space 7680K, 0% used [0x00000000f6b00000,0x00000000f6b00000,0x00000000f7280000)
  to   space 7680K, 0% used [0x00000000f7280000,0x00000000f7280000,0x00000000f7a00000)
 ParOldGen       total 349696K, used 349695K [0x00000000e0000000, 0x00000000f5580000, 0x00000000f5580000)
  object space 349696K, 99% used [0x00000000e0000000,0x00000000f557fd00,0x00000000f5580000)
 Metaspace       used 52581K, committed 53312K, reserved 1097728K
  class space    used 5323K, committed 5632K, reserved 1048576K
}
Event: 800.749 GC heap after
{Heap after GC invocations=852 (full 737):
 PSYoungGen      total 29696K, used 22015K [0x00000000f5580000, 0x00000000f7c00000, 0x0000000100000000)
  eden space 22016K, 99% used [0x00000000f5580000,0x00000000f6afffd8,0x00000000f6b00000)
  from space 7680K, 0% used [0x00000000f7280000,0x00000000f7280000,0x00000000f7a00000)
  to   space 7680K, 0% used [0x00000000f6b00000,0x00000000f6b00000,0x00000000f7280000)
 ParOldGen       total 349696K, used 349695K [0x00000000e0000000, 0x00000000f5580000, 0x00000000f5580000)
  object space 349696K, 99% used [0x00000000e0000000,0x00000000f557fd00,0x00000000f5580000)
 Metaspace       used 52581K, committed 53312K, reserved 1097728K
  class space    used 5323K, committed 5632K, reserved 1048576K
}
Event: 800.749 GC heap before
{Heap before GC invocations=853 (full 738):
 PSYoungGen      total 29696K, used 22016K [0x00000000f5580000, 0x00000000f7c00000, 0x0000000100000000)
  eden space 22016K, 100% used [0x00000000f5580000,0x00000000f6b00000,0x00000000f6b00000)
  from space 7680K, 0% used [0x00000000f7280000,0x00000000f7280000,0x00000000f7a00000)
  to   space 7680K, 0% used [0x00000000f6b00000,0x00000000f6b00000,0x00000000f7280000)
 ParOldGen       total 349696K, used 349695K [0x00000000e0000000, 0x00000000f5580000, 0x00000000f5580000)
  object space 349696K, 99% used [0x00000000e0000000,0x00000000f557fff8,0x00000000f5580000)
 Metaspace       used 52581K, committed 53312K, reserved 1097728K
  class space    used 5323K, committed 5632K, reserved 1048576K
}
Event: 801.838 GC heap after
{Heap after GC invocations=853 (full 738):
 PSYoungGen      total 29696K, used 22015K [0x00000000f5580000, 0x00000000f7c00000, 0x0000000100000000)
  eden space 22016K, 99% used [0x00000000f5580000,0x00000000f6afffc8,0x00000000f6b00000)
  from space 7680K, 0% used [0x00000000f6b00000,0x00000000f6b00000,0x00000000f7280000)
  to   space 7680K, 0% used [0x00000000f7280000,0x00000000f7280000,0x00000000f7a00000)
 ParOldGen       total 349696K, used 349694K [0x00000000e0000000, 0x00000000f5580000, 0x00000000f5580000)
  object space 349696K, 99% used [0x00000000e0000000,0x00000000f557fb28,0x00000000f5580000)
 Metaspace       used 52581K, committed 53312K, reserved 1097728K
  class space    used 5323K, committed 5632K, reserved 1048576K
}
Event: 801.845 GC heap before
{Heap before GC invocations=854 (full 739):
 PSYoungGen      total 29696K, used 22016K [0x00000000f5580000, 0x00000000f7c00000, 0x0000000100000000)
  eden space 22016K, 100% used [0x00000000f5580000,0x00000000f6b00000,0x00000000f6b00000)
  from space 7680K, 0% used [0x00000000f6b00000,0x00000000f6b00000,0x00000000f7280000)
  to   space 7680K, 0% used [0x00000000f7280000,0x00000000f7280000,0x00000000f7a00000)
 ParOldGen       total 349696K, used 349695K [0x00000000e0000000, 0x00000000f5580000, 0x00000000f5580000)
  object space 349696K, 99% used [0x00000000e0000000,0x00000000f557fd30,0x00000000f5580000)
 Metaspace       used 52581K, committed 53312K, reserved 1097728K
  class space    used 5323K, committed 5632K, reserved 1048576K
}
Event: 802.738 GC heap after
{Heap after GC invocations=854 (full 739):
 PSYoungGen      total 29696K, used 22016K [0x00000000f5580000, 0x00000000f7c00000, 0x0000000100000000)
  eden space 22016K, 100% used [0x00000000f5580000,0x00000000f6b00000,0x00000000f6b00000)
  from space 7680K, 0% used [0x00000000f7280000,0x00000000f7280000,0x00000000f7a00000)
  to   space 7680K, 0% used [0x00000000f6b00000,0x00000000f6b00000,0x00000000f7280000)
 ParOldGen       total 349696K, used 349695K [0x00000000e0000000, 0x00000000f5580000, 0x00000000f5580000)
  object space 349696K, 99% used [0x00000000e0000000,0x00000000f557fc68,0x00000000f5580000)
 Metaspace       used 52581K, committed 53312K, reserved 1097728K
  class space    used 5323K, committed 5632K, reserved 1048576K
}
Event: 802.738 GC heap before
{Heap before GC invocations=855 (full 740):
 PSYoungGen      total 29696K, used 22016K [0x00000000f5580000, 0x00000000f7c00000, 0x0000000100000000)
  eden space 22016K, 100% used [0x00000000f5580000,0x00000000f6b00000,0x00000000f6b00000)
  from space 7680K, 0% used [0x00000000f7280000,0x00000000f7280000,0x00000000f7a00000)
  to   space 7680K, 0% used [0x00000000f6b00000,0x00000000f6b00000,0x00000000f7280000)
 ParOldGen       total 349696K, used 349696K [0x00000000e0000000, 0x00000000f5580000, 0x00000000f5580000)
  object space 349696K, 100% used [0x00000000e0000000,0x00000000f5580000,0x00000000f5580000)
 Metaspace       used 52581K, committed 53312K, reserved 1097728K
  class space    used 5323K, committed 5632K, reserved 1048576K
}
Event: 803.740 GC heap after
{Heap after GC invocations=855 (full 740):
 PSYoungGen      total 29696K, used 22016K [0x00000000f5580000, 0x00000000f7c00000, 0x0000000100000000)
  eden space 22016K, 100% used [0x00000000f5580000,0x00000000f6b00000,0x00000000f6b00000)
  from space 7680K, 0% used [0x00000000f6b00000,0x00000000f6b00000,0x00000000f7280000)
  to   space 7680K, 0% used [0x00000000f7280000,0x00000000f7280000,0x00000000f7a00000)
 ParOldGen       total 349696K, used 349695K [0x00000000e0000000, 0x00000000f5580000, 0x00000000f5580000)
  object space 349696K, 99% used [0x00000000e0000000,0x00000000f557fe20,0x00000000f5580000)
 Metaspace       used 52581K, committed 53312K, reserved 1097728K
  class space    used 5323K, committed 5632K, reserved 1048576K
}
Event: 803.741 GC heap before
{Heap before GC invocations=856 (full 741):
 PSYoungGen      total 29696K, used 22016K [0x00000000f5580000, 0x00000000f7c00000, 0x0000000100000000)
  eden space 22016K, 100% used [0x00000000f5580000,0x00000000f6b00000,0x00000000f6b00000)
  from space 7680K, 0% used [0x00000000f6b00000,0x00000000f6b00000,0x00000000f7280000)
  to   space 7680K, 0% used [0x00000000f7280000,0x00000000f7280000,0x00000000f7a00000)
 ParOldGen       total 349696K, used 349696K [0x00000000e0000000, 0x00000000f5580000, 0x00000000f5580000)
  object space 349696K, 100% used [0x00000000e0000000,0x00000000f5580000,0x00000000f5580000)
 Metaspace       used 52581K, committed 53312K, reserved 1097728K
  class space    used 5323K, committed 5632K, reserved 1048576K
}
Event: 804.573 GC heap after
{Heap after GC invocations=856 (full 741):
 PSYoungGen      total 29696K, used 22016K [0x00000000f5580000, 0x00000000f7c00000, 0x0000000100000000)
  eden space 22016K, 100% used [0x00000000f5580000,0x00000000f6b00000,0x00000000f6b00000)
  from space 7680K, 0% used [0x00000000f7280000,0x00000000f7280000,0x00000000f7a00000)
  to   space 7680K, 0% used [0x00000000f6b00000,0x00000000f6b00000,0x00000000f7280000)
 ParOldGen       total 349696K, used 349695K [0x00000000e0000000, 0x00000000f5580000, 0x00000000f5580000)
  object space 349696K, 99% used [0x00000000e0000000,0x00000000f557fe30,0x00000000f5580000)
 Metaspace       used 52581K, committed 53312K, reserved 1097728K
  class space    used 5323K, committed 5632K, reserved 1048576K
}
Event: 804.573 GC heap before
{Heap before GC invocations=857 (full 742):
 PSYoungGen      total 29696K, used 22016K [0x00000000f5580000, 0x00000000f7c00000, 0x0000000100000000)
  eden space 22016K, 100% used [0x00000000f5580000,0x00000000f6b00000,0x00000000f6b00000)
  from space 7680K, 0% used [0x00000000f7280000,0x00000000f7280000,0x00000000f7a00000)
  to   space 7680K, 0% used [0x00000000f6b00000,0x00000000f6b00000,0x00000000f7280000)
 ParOldGen       total 349696K, used 349695K [0x00000000e0000000, 0x00000000f5580000, 0x00000000f5580000)
  object space 349696K, 99% used [0x00000000e0000000,0x00000000f557fe90,0x00000000f5580000)
 Metaspace       used 52581K, committed 53312K, reserved 1097728K
  class space    used 5323K, committed 5632K, reserved 1048576K
}
Event: 805.461 GC heap after
{Heap after GC invocations=857 (full 742):
 PSYoungGen      total 29696K, used 22016K [0x00000000f5580000, 0x00000000f7c00000, 0x0000000100000000)
  eden space 22016K, 100% used [0x00000000f5580000,0x00000000f6b00000,0x00000000f6b00000)
  from space 7680K, 0% used [0x00000000f6b00000,0x00000000f6b00000,0x00000000f7280000)
  to   space 7680K, 0% used [0x00000000f7280000,0x00000000f7280000,0x00000000f7a00000)
 ParOldGen       total 349696K, used 349695K [0x00000000e0000000, 0x00000000f5580000, 0x00000000f5580000)
  object space 349696K, 99% used [0x00000000e0000000,0x00000000f557fe30,0x00000000f5580000)
 Metaspace       used 52581K, committed 53312K, reserved 1097728K
  class space    used 5323K, committed 5632K, reserved 1048576K
}
Event: 805.464 GC heap before
{Heap before GC invocations=858 (full 743):
 PSYoungGen      total 29696K, used 22016K [0x00000000f5580000, 0x00000000f7c00000, 0x0000000100000000)
  eden space 22016K, 100% used [0x00000000f5580000,0x00000000f6b00000,0x00000000f6b00000)
  from space 7680K, 0% used [0x00000000f6b00000,0x00000000f6b00000,0x00000000f7280000)
  to   space 7680K, 0% used [0x00000000f7280000,0x00000000f7280000,0x00000000f7a00000)
 ParOldGen       total 349696K, used 349695K [0x00000000e0000000, 0x00000000f5580000, 0x00000000f5580000)
  object space 349696K, 99% used [0x00000000e0000000,0x00000000f557fe40,0x00000000f5580000)
 Metaspace       used 52581K, committed 53312K, reserved 1097728K
  class space    used 5323K, committed 5632K, reserved 1048576K
}
Event: 806.541 GC heap after
{Heap after GC invocations=858 (full 743):
 PSYoungGen      total 29696K, used 22016K [0x00000000f5580000, 0x00000000f7c00000, 0x0000000100000000)
  eden space 22016K, 100% used [0x00000000f5580000,0x00000000f6b00000,0x00000000f6b00000)
  from space 7680K, 0% used [0x00000000f7280000,0x00000000f7280000,0x00000000f7a00000)
  to   space 7680K, 0% used [0x00000000f6b00000,0x00000000f6b00000,0x00000000f7280000)
 ParOldGen       total 349696K, used 349695K [0x00000000e0000000, 0x00000000f5580000, 0x00000000f5580000)
  object space 349696K, 99% used [0x00000000e0000000,0x00000000f557fe30,0x00000000f5580000)
 Metaspace       used 52581K, committed 53312K, reserved 1097728K
  class space    used 5323K, committed 5632K, reserved 1048576K
}
Event: 806.541 GC heap before
{Heap before GC invocations=859 (full 744):
 PSYoungGen      total 29696K, used 22016K [0x00000000f5580000, 0x00000000f7c00000, 0x0000000100000000)
  eden space 22016K, 100% used [0x00000000f5580000,0x00000000f6b00000,0x00000000f6b00000)
  from space 7680K, 0% used [0x00000000f7280000,0x00000000f7280000,0x00000000f7a00000)
  to   space 7680K, 0% used [0x00000000f6b00000,0x00000000f6b00000,0x00000000f7280000)
 ParOldGen       total 349696K, used 349695K [0x00000000e0000000, 0x00000000f5580000, 0x00000000f5580000)
  object space 349696K, 99% used [0x00000000e0000000,0x00000000f557fe30,0x00000000f5580000)
 Metaspace       used 52581K, committed 53312K, reserved 1097728K
  class space    used 5323K, committed 5632K, reserved 1048576K
}
Event: 807.536 GC heap after
{Heap after GC invocations=859 (full 744):
 PSYoungGen      total 29696K, used 22016K [0x00000000f5580000, 0x00000000f7c00000, 0x0000000100000000)
  eden space 22016K, 100% used [0x00000000f5580000,0x00000000f6b00000,0x00000000f6b00000)
  from space 7680K, 0% used [0x00000000f6b00000,0x00000000f6b00000,0x00000000f7280000)
  to   space 7680K, 0% used [0x00000000f7280000,0x00000000f7280000,0x00000000f7a00000)
 ParOldGen       total 349696K, used 349695K [0x00000000e0000000, 0x00000000f5580000, 0x00000000f5580000)
  object space 349696K, 99% used [0x00000000e0000000,0x00000000f557fe30,0x00000000f5580000)
 Metaspace       used 52581K, committed 53312K, reserved 1097728K
  class space    used 5323K, committed 5632K, reserved 1048576K
}
Event: 807.536 GC heap before
{Heap before GC invocations=860 (full 745):
 PSYoungGen      total 29696K, used 22016K [0x00000000f5580000, 0x00000000f7c00000, 0x0000000100000000)
  eden space 22016K, 100% used [0x00000000f5580000,0x00000000f6b00000,0x00000000f6b00000)
  from space 7680K, 0% used [0x00000000f6b00000,0x00000000f6b00000,0x00000000f7280000)
  to   space 7680K, 0% used [0x00000000f7280000,0x00000000f7280000,0x00000000f7a00000)
 ParOldGen       total 349696K, used 349695K [0x00000000e0000000, 0x00000000f5580000, 0x00000000f5580000)
  object space 349696K, 99% used [0x00000000e0000000,0x00000000f557fe30,0x00000000f5580000)
 Metaspace       used 52581K, committed 53312K, reserved 1097728K
  class space    used 5323K, committed 5632K, reserved 1048576K
}
Event: 808.537 GC heap after
{Heap after GC invocations=860 (full 745):
 PSYoungGen      total 29696K, used 22016K [0x00000000f5580000, 0x00000000f7c00000, 0x0000000100000000)
  eden space 22016K, 100% used [0x00000000f5580000,0x00000000f6b00000,0x00000000f6b00000)
  from space 7680K, 0% used [0x00000000f7280000,0x00000000f7280000,0x00000000f7a00000)
  to   space 7680K, 0% used [0x00000000f6b00000,0x00000000f6b00000,0x00000000f7280000)
 ParOldGen       total 349696K, used 349695K [0x00000000e0000000, 0x00000000f5580000, 0x00000000f5580000)
  object space 349696K, 99% used [0x00000000e0000000,0x00000000f557fe30,0x00000000f5580000)
 Metaspace       used 52581K, committed 53312K, reserved 1097728K
  class space    used 5323K, committed 5632K, reserved 1048576K
}
Event: 808.537 GC heap before
{Heap before GC invocations=861 (full 746):
 PSYoungGen      total 29696K, used 22016K [0x00000000f5580000, 0x00000000f7c00000, 0x0000000100000000)
  eden space 22016K, 100% used [0x00000000f5580000,0x00000000f6b00000,0x00000000f6b00000)
  from space 7680K, 0% used [0x00000000f7280000,0x00000000f7280000,0x00000000f7a00000)
  to   space 7680K, 0% used [0x00000000f6b00000,0x00000000f6b00000,0x00000000f7280000)
 ParOldGen       total 349696K, used 349695K [0x00000000e0000000, 0x00000000f5580000, 0x00000000f5580000)
  object space 349696K, 99% used [0x00000000e0000000,0x00000000f557fe30,0x00000000f5580000)
 Metaspace       used 52581K, committed 53312K, reserved 1097728K
  class space    used 5323K, committed 5632K, reserved 1048576K
}
Event: 809.547 GC heap after
{Heap after GC invocations=861 (full 746):
 PSYoungGen      total 29696K, used 22016K [0x00000000f5580000, 0x00000000f7c00000, 0x0000000100000000)
  eden space 22016K, 100% used [0x00000000f5580000,0x00000000f6b00000,0x00000000f6b00000)
  from space 7680K, 0% used [0x00000000f6b00000,0x00000000f6b00000,0x00000000f7280000)
  to   space 7680K, 0% used [0x00000000f7280000,0x00000000f7280000,0x00000000f7a00000)
 ParOldGen       total 349696K, used 349695K [0x00000000e0000000, 0x00000000f5580000, 0x00000000f5580000)
  object space 349696K, 99% used [0x00000000e0000000,0x00000000f557fe30,0x00000000f5580000)
 Metaspace       used 52581K, committed 53312K, reserved 1097728K
  class space    used 5323K, committed 5632K, reserved 1048576K
}

Dll operation events (9 events):
Event: 0.002 Loaded shared library /nix/store/gpxl5qgg8kicmcvivwmybwjlpf7wh20l-graalvm17-ce-22.3.0/lib/libjava.so
Event: 0.014 Loaded shared library /nix/store/gpxl5qgg8kicmcvivwmybwjlpf7wh20l-graalvm17-ce-22.3.0/lib/libjsvml.so
Event: 0.169 Loaded shared library /nix/store/gpxl5qgg8kicmcvivwmybwjlpf7wh20l-graalvm17-ce-22.3.0/lib/libnio.so
Event: 0.172 Loaded shared library /nix/store/gpxl5qgg8kicmcvivwmybwjlpf7wh20l-graalvm17-ce-22.3.0/lib/libzip.so
Event: 0.175 Loaded shared library /nix/store/gpxl5qgg8kicmcvivwmybwjlpf7wh20l-graalvm17-ce-22.3.0/lib/libjvmcicompiler.so
Event: 0.479 Loaded shared library /nix/store/gpxl5qgg8kicmcvivwmybwjlpf7wh20l-graalvm17-ce-22.3.0/lib/libjimage.so
Event: 1.031 Loaded shared library /nix/store/gpxl5qgg8kicmcvivwmybwjlpf7wh20l-graalvm17-ce-22.3.0/lib/libnet.so
Event: 3.799 Loaded shared library /home/runner/.cache/jdt-language-server/config/org.eclipse.equinox.launcher/org.eclipse.equinox.launcher.gtk.linux.x86_64_1.2.400.v20211117-0650/eclipse_11600.so
Event: 10.980 Loaded shared library /nix/store/gpxl5qgg8kicmcvivwmybwjlpf7wh20l-graalvm17-ce-22.3.0/lib/libextnet.so

Deoptimization events (20 events):
Event: 780.931 Thread 0x00007f3a18490bb0 Uncommon trap: trap_request=0xffffff8f fr.pc=0x00007f3a73181594 relative=0x0000000000000274
Event: 780.931 Thread 0x00007f3a18490bb0 Uncommon trap: reason=constraint action=none pc=0x00007f3a73181594 method=org.eclipse.jdt.internal.core.index.DiskIndex$IntList.add(I)V @ 0 jvmci
Event: 782.933 Thread 0x00007f3a18490bb0 DEOPT PACKING pc=0x00007f3a73181594 sp=0x00007f3a307fe500
Event: 782.933 Thread 0x00007f3a18490bb0 DEOPT UNPACKING pc=0x00007f3a6b505325 sp=0x00007f3a307fd9a0 mode 3
Event: 785.866 Thread 0x00007f3a10189800 Uncommon trap: trap_request=0xffffff8f fr.pc=0x00007f3a72f95c98 relative=0x00000000000001f8
Event: 785.866 Thread 0x00007f3a10189800 Uncommon trap: reason=constraint action=none pc=0x00007f3a72f95c98 method=java.util.Arrays.copyOfRange([BII)[B @ 0 jvmci
Event: 787.926 Thread 0x00007f3a10189800 DEOPT PACKING pc=0x00007f3a72f95c98 sp=0x00007f3a2f9fd130
Event: 787.927 Thread 0x00007f3a10189800 DEOPT UNPACKING pc=0x00007f3a6b505325 sp=0x00007f3a2f9fc5c8 mode 3
Event: 787.927 Thread 0x00007f3a101469c0 Uncommon trap: trap_request=0xffffff8f fr.pc=0x00007f3a7305c177 relative=0x00000000000000d7
Event: 787.927 Thread 0x00007f3a101469c0 Uncommon trap: reason=constraint action=none pc=0x00007f3a7305c177 method=java.util.ArrayList.iterator()Ljava/util/Iterator; @ 0 jvmci
Event: 787.927 Thread 0x00007f3a101469c0 DEOPT PACKING pc=0x00007f3a7305c177 sp=0x00007f3a684fd7d0
Event: 787.927 Thread 0x00007f3a101469c0 DEOPT UNPACKING pc=0x00007f3a6b505325 sp=0x00007f3a684fcc70 mode 3
Event: 795.857 Thread 0x00007f3a18490bb0 Uncommon trap: trap_request=0xffffff8f fr.pc=0x00007f3a73181594 relative=0x0000000000000274
Event: 795.857 Thread 0x00007f3a18490bb0 Uncommon trap: reason=constraint action=none pc=0x00007f3a73181594 method=org.eclipse.jdt.internal.core.index.DiskIndex$IntList.add(I)V @ 0 jvmci
Event: 795.857 Thread 0x00007f3a18490bb0 DEOPT PACKING pc=0x00007f3a73181594 sp=0x00007f3a307fe500
Event: 795.857 Thread 0x00007f3a18490bb0 DEOPT UNPACKING pc=0x00007f3a6b505325 sp=0x00007f3a307fd9a0 mode 3
Event: 807.536 Thread 0x00007f3a840b2230 Uncommon trap: trap_request=0xffffff8f fr.pc=0x00007f3a7319443f relative=0x000000000000019f
Event: 807.536 Thread 0x00007f3a840b2230 Uncommon trap: reason=constraint action=none pc=0x00007f3a7319443f method=java.util.Arrays.copyOf([BI)[B @ 0 jvmci
Event: 807.536 Thread 0x00007f3a840b2230 DEOPT PACKING pc=0x00007f3a7319443f sp=0x00007f3a69717fe0
Event: 807.536 Thread 0x00007f3a840b2230 DEOPT UNPACKING pc=0x00007f3a6b505325 sp=0x00007f3a69717470 mode 3

Classes unloaded (20 events):
Event: 52.160 Thread 0x00007f3a840a1c30 Unloading class 0x0000000800ee2000 'jdk/internal/reflect/GeneratedConstructorAccessor8'
Event: 52.160 Thread 0x00007f3a840a1c30 Unloading class 0x0000000800d99000 'java/lang/invoke/LambdaForm$MH+0x0000000800d99000'
Event: 52.160 Thread 0x00007f3a840a1c30 Unloading class 0x0000000800d98c00 'java/lang/invoke/LambdaForm$MH+0x0000000800d98c00'
Event: 52.160 Thread 0x00007f3a840a1c30 Unloading class 0x0000000800d98800 'java/lang/invoke/LambdaForm$MH+0x0000000800d98800'
Event: 52.160 Thread 0x00007f3a840a1c30 Unloading class 0x0000000800d98400 'java/lang/invoke/LambdaForm$MH+0x0000000800d98400'
Event: 52.160 Thread 0x00007f3a840a1c30 Unloading class 0x0000000800d98000 'jdk/internal/reflect/GeneratedConstructorAccessor3'
Event: 52.160 Thread 0x00007f3a840a1c30 Unloading class 0x0000000800d06800 'java/lang/invoke/LambdaForm$MH+0x0000000800d06800'
Event: 52.160 Thread 0x00007f3a840a1c30 Unloading class 0x0000000800d06000 'java/lang/invoke/LambdaForm$MH+0x0000000800d06000'
Event: 52.160 Thread 0x00007f3a840a1c30 Unloading class 0x0000000800d05c00 'java/lang/invoke/LambdaForm$MH+0x0000000800d05c00'
Event: 52.160 Thread 0x00007f3a840a1c30 Unloading class 0x0000000800d05800 'java/lang/invoke/LambdaForm$MH+0x0000000800d05800'
Event: 52.160 Thread 0x00007f3a840a1c30 Unloading class 0x0000000800d05000 'java/lang/invoke/LambdaForm$MH+0x0000000800d05000'
Event: 52.160 Thread 0x00007f3a840a1c30 Unloading class 0x0000000800d04c00 'java/lang/invoke/LambdaForm$MH+0x0000000800d04c00'
Event: 52.160 Thread 0x00007f3a840a1c30 Unloading class 0x0000000800d04800 'java/lang/invoke/LambdaForm$MH+0x0000000800d04800'
Event: 52.160 Thread 0x00007f3a840a1c30 Unloading class 0x0000000800d04000 'java/lang/invoke/LambdaForm$MH+0x0000000800d04000'
Event: 52.160 Thread 0x00007f3a840a1c30 Unloading class 0x0000000800c1d000 'jdk/internal/reflect/GeneratedMethodAccessor5'
Event: 52.160 Thread 0x00007f3a840a1c30 Unloading class 0x0000000800c1cc00 'jdk/internal/reflect/GeneratedMethodAccessor4'
Event: 52.160 Thread 0x00007f3a840a1c30 Unloading class 0x0000000800c1c800 'jdk/internal/reflect/GeneratedMethodAccessor3'
Event: 52.160 Thread 0x00007f3a840a1c30 Unloading class 0x0000000800c1c400 'jdk/internal/reflect/GeneratedMethodAccessor2'
Event: 52.160 Thread 0x00007f3a840a1c30 Unloading class 0x0000000800c1c000 'jdk/internal/reflect/GeneratedMethodAccessor1'
Event: 52.160 Thread 0x00007f3a840a1c30 Unloading class 0x0000000800c01c00 'java/lang/invoke/LambdaForm$DMH+0x0000000800c01c00'

Classes redefined (0 events):
No events

Internal exceptions (20 events):
Event: 755.259 Thread 0x00007f3a1c025340 Implicit null exception at 0x00007f3a730ba737 to 0x00007f3a730ba7a6
Event: 757.157 Thread 0x00007f3a843bdde0 Exception <a 'java/lang/OutOfMemoryError'{0x00000000e000fb48}> (0x00000000e000fb48) 
thrown [src/hotspot/share/gc/shared/memAllocator.cpp, line 136]
Event: 765.136 Thread 0x00007f3a18490bb0 Exception <a 'java/lang/OutOfMemoryError'{0x00000000e000f828}> (0x00000000e000f828) 
thrown [src/hotspot/share/gc/shared/memAllocator.cpp, line 138]
Event: 765.136 Thread 0x00007f3a18490bb0 Implicit null exception at 0x00007f3a7318af0e to 0x00007f3a7318b48a
Event: 778.044 Thread 0x00007f3a10189800 Exception <a 'java/lang/OutOfMemoryError'{0x00000000e000f828}> (0x00000000e000f828) 
thrown [src/hotspot/share/gc/shared/memAllocator.cpp, line 138]
Event: 778.044 Thread 0x00007f3a10189800 Implicit null exception at 0x00007f3a72f9a4af to 0x00007f3a72f9a579
Event: 780.931 Thread 0x00007f3a18490bb0 Exception <a 'java/lang/OutOfMemoryError'{0x00000000e000f828}> (0x00000000e000f828) 
thrown [src/hotspot/share/gc/shared/memAllocator.cpp, line 138]
Event: 780.931 Thread 0x00007f3a18490bb0 Implicit null exception at 0x00007f3a731814ed to 0x00007f3a73181579
Event: 782.933 Thread 0x00007f3a1c025340 Exception <a 'java/lang/OutOfMemoryError'{0x00000000e000fb48}> (0x00000000e000fb48) 
thrown [src/hotspot/share/gc/shared/memAllocator.cpp, line 136]
Event: 785.866 Thread 0x00007f3a10189800 Exception <a 'java/lang/OutOfMemoryError'{0x00000000e000f828}> (0x00000000e000f828) 
thrown [src/hotspot/share/gc/shared/memAllocator.cpp, line 138]
Event: 785.866 Thread 0x00007f3a10189800 Implicit null exception at 0x00007f3a72f95beb to 0x00007f3a72f95c7d
Event: 787.926 Thread 0x00007f3a101469c0 Exception <a 'java/lang/OutOfMemoryError'{0x00000000e000f828}> (0x00000000e000f828) 
thrown [src/hotspot/share/gc/shared/memAllocator.cpp, line 138]
Event: 787.927 Thread 0x00007f3a101469c0 Implicit null exception at 0x00007f3a7305c158 to 0x00007f3a7305c15c
Event: 789.936 Thread 0x00007f3a10189800 Exception <a 'java/lang/OutOfMemoryError'{0x00000000e000fb48}> (0x00000000e000fb48) 
thrown [src/hotspot/share/gc/shared/memAllocator.cpp, line 136]
Event: 795.856 Thread 0x00007f3a18490bb0 Exception <a 'java/lang/OutOfMemoryError'{0x00000000e000f828}> (0x00000000e000f828) 
thrown [src/hotspot/share/gc/shared/memAllocator.cpp, line 138]
Event: 795.857 Thread 0x00007f3a18490bb0 Implicit null exception at 0x00007f3a731814ed to 0x00007f3a73181579
Event: 800.749 Thread 0x00007f3a101469c0 Exception <a 'java/lang/OutOfMemoryError'{0x00000000e000fb48}> (0x00000000e000fb48) 
thrown [src/hotspot/share/gc/shared/memAllocator.cpp, line 136]
Event: 807.536 Thread 0x00007f3a840b2230 Exception <a 'java/lang/OutOfMemoryError'{0x00000000e000f828}> (0x00000000e000f828) 
thrown [src/hotspot/share/gc/shared/memAllocator.cpp, line 138]
Event: 807.536 Thread 0x00007f3a840b2230 Implicit null exception at 0x00007f3a731943d9 to 0x00007f3a73194424
Event: 809.547 Thread 0x00007f3a840b2230 Exception <a 'java/lang/OutOfMemoryError'{0x00000000e000fb48}> (0x00000000e000fb48) 
thrown [src/hotspot/share/gc/shared/memAllocator.cpp, line 136]

VM Operations (20 events):
Event: 796.772 Executing VM operation: ParallelGCFailedAllocation
Event: 797.830 Executing VM operation: ParallelGCFailedAllocation done
Event: 797.830 Executing VM operation: ParallelGCFailedAllocation
Event: 798.728 Executing VM operation: ParallelGCFailedAllocation done
Event: 798.728 Executing VM operation: ParallelGCFailedAllocation
Event: 800.749 Executing VM operation: ParallelGCFailedAllocation done
Event: 800.749 Executing VM operation: ParallelGCFailedAllocation
Event: 801.838 Executing VM operation: ParallelGCFailedAllocation done
Event: 801.838 Executing VM operation: ParallelGCFailedAllocation
Event: 802.738 Executing VM operation: ParallelGCFailedAllocation done
Event: 802.738 Executing VM operation: ParallelGCFailedAllocation
Event: 803.740 Executing VM operation: ParallelGCFailedAllocation done
Event: 803.741 Executing VM operation: ParallelGCFailedAllocation
Event: 804.573 Executing VM operation: ParallelGCFailedAllocation done
Event: 804.573 Executing VM operation: ParallelGCFailedAllocation
Event: 805.461 Executing VM operation: ParallelGCFailedAllocation done
Event: 805.464 Executing VM operation: ParallelGCFailedAllocation
Event: 807.536 Executing VM operation: ParallelGCFailedAllocation done
Event: 807.536 Executing VM operation: ParallelGCFailedAllocation
Event: 809.547 Executing VM operation: ParallelGCFailedAllocation done

Events (20 events):
Event: 552.373 Protecting memory [0x00007f3a68400000,0x00007f3a68404000] with protection modes 0
Event: 595.655 loading class java/util/concurrent/CompletionException
Event: 598.729 loading class java/util/concurrent/CompletionException done
Event: 602.452 loading class java/util/concurrent/CancellationException
Event: 609.450 loading class java/util/concurrent/CancellationException done
Event: 624.267 loading class java/util/logging/LogRecord
Event: 627.454 loading class java/util/logging/LogRecord done
Event: 637.031 loading class java/util/logging/ConsoleHandler
Event: 637.031 loading class java/util/logging/StreamHandler
Event: 637.928 loading class java/util/logging/StreamHandler done
Event: 641.560 loading class java/util/logging/ConsoleHandler done
Event: 649.526 loading class java/util/logging/SimpleFormatter
Event: 649.527 loading class java/util/logging/Formatter
Event: 670.029 loading class java/util/logging/Formatter done
Event: 670.029 loading class java/util/logging/SimpleFormatter done
Event: 687.052 loading class javax/xml/transform/TransformerException
Event: 689.854 loading class javax/xml/transform/TransformerException done
Event: 704.449 loading class java/lang/AssertionError
Event: 704.449 loading class java/lang/AssertionError done
Event: 736.964 Thread 0x00007f3a10189280 Thread exited: 0x00007f3a10189280


Dynamic libraries:
e0000000-f5580000 rw-p 00000000 00:00 0 
f5580000-f7c00000 rw-p 00000000 00:00 0 
f7c00000-100000000 ---p 00000000 00:00 0 
800000000-800449000 rw-p 00001000 00:f1f 4611686019135357769             /nix/store/gpxl5qgg8kicmcvivwmybwjlpf7wh20l-graalvm17-ce-22.3.0/lib/server/classes.jsa
800449000-800bc8000 r--p 0044a000 00:f1f 4611686019135357769             /nix/store/gpxl5qgg8kicmcvivwmybwjlpf7wh20l-graalvm17-ce-22.3.0/lib/server/classes.jsa
800bc8000-800c00000 ---p 00000000 00:00 0 
800c00000-800c20000 rw-p 00000000 00:00 0 
800c20000-800c40000 rw-p 00000000 00:00 0 
800c40000-800cc0000 rw-p 00000000 00:00 0 
800cc0000-800d00000 rw-p 00000000 00:00 0 
800d00000-800dc0000 rw-p 00000000 00:00 0 
800dc0000-800e00000 rw-p 00000000 00:00 0 
800e00000-800f40000 rw-p 00000000 00:00 0 
800f40000-800fe0000 rw-p 00000000 00:00 0 
800fe0000-801000000 ---p 00000000 00:00 0 
801000000-8011a0000 rw-p 00000000 00:00 0 
8011a0000-840c00000 ---p 00000000 00:00 0 
5621afa77000-5621afa78000 r-xp 00000000 00:f1f 4611686019099417844       /nix/store/gpxl5qgg8kicmcvivwmybwjlpf7wh20l-graalvm17-ce-22.3.0/bin/.java-wrapped
5621afa79000-5621afa7a000 r--p 00001000 00:f1f 4611686019099417844       /nix/store/gpxl5qgg8kicmcvivwmybwjlpf7wh20l-graalvm17-ce-22.3.0/bin/.java-wrapped
5621afa7a000-5621afa7b000 rw-p 00002000 00:f1f 4611686019099417844       /nix/store/gpxl5qgg8kicmcvivwmybwjlpf7wh20l-graalvm17-ce-22.3.0/bin/.java-wrapped
5621afa7b000-5621afa7c000 rw-p 00004000 00:f1f 4611686019099417844       /nix/store/gpxl5qgg8kicmcvivwmybwjlpf7wh20l-graalvm17-ce-22.3.0/bin/.java-wrapped
5621afa7c000-5621afa7d000 rw-p 00005000 00:f1f 4611686019099417844       /nix/store/gpxl5qgg8kicmcvivwmybwjlpf7wh20l-graalvm17-ce-22.3.0/bin/.java-wrapped
5621b170c000-5621b17f0000 rw-p 00000000 00:00 0                          [heap]
7f39fcc00000-7f39fd300000 rw-p 00000000 00:00 0 
7f39fd300000-7f39fd400000 ---p 00000000 00:00 0 
7f39fd4b3000-7f3a07000000 r--s 00000000 00:f1f 4611686019135192581       /nix/store/gpxl5qgg8kicmcvivwmybwjlpf7wh20l-graalvm17-ce-22.3.0/lib/modules
7f3a07000000-7f3a07500000 rw-p 00000000 00:00 0 
7f3a07500000-7f3a07590000 rw-p 00000000 00:00 0 
7f3a07590000-7f3a07600000 ---p 00000000 00:00 0 
7f3a07600000-7f3a07800000 rw-p 00000000 00:00 0 
7f3a07800000-7f3a078e0000 rw-p 00000000 00:00 0 
7f3a078e0000-7f3a07900000 rw-p 00000000 00:00 0 
7f3a07900000-7f3a07b00000 rw-p 00000000 00:00 0 
7f3a07b00000-7f3a07bc0000 rw-p 00000000 00:00 0 
7f3a07bc0000-7f3a07c00000 rw-p 00000000 00:00 0 
7f3a07c00000-7f3a07d00000 rw-p 00000000 00:00 0 
7f3a07d00000-7f3a07e00000 rw-p 00000000 00:00 0 
7f3a07e00000-7f3a08000000 rw-p 00000000 00:00 0 
7f3a08000000-7f3a08021000 rw-p 00000000 00:00 0 
7f3a08021000-7f3a0c000000 ---p 00000000 00:00 0 
7f3a0c000000-7f3a0c341000 rw-p 00000000 00:00 0 
7f3a0c341000-7f3a10000000 ---p 00000000 00:00 0 
7f3a10000000-7f3a101a1000 rw-p 00000000 00:00 0 
7f3a101a1000-7f3a14000000 ---p 00000000 00:00 0 
7f3a14000000-7f3a14021000 rw-p 00000000 00:00 0 
7f3a14021000-7f3a18000000 ---p 00000000 00:00 0 
7f3a18000000-7f3a189c3000 rw-p 00000000 00:00 0 
7f3a189c3000-7f3a1c000000 ---p 00000000 00:00 0 
7f3a1c000000-7f3a1c128000 rw-p 00000000 00:00 0 
7f3a1c128000-7f3a20000000 ---p 00000000 00:00 0 
7f3a20000000-7f3a20021000 rw-p 00000000 00:00 0 
7f3a20021000-7f3a24000000 ---p 00000000 00:00 0 
7f3a24000000-7f3a24021000 rw-p 00000000 00:00 0 
7f3a24021000-7f3a28000000 ---p 00000000 00:00 0 
7f3a28000000-7f3a28021000 rw-p 00000000 00:00 0 
7f3a28021000-7f3a2c000000 ---p 00000000 00:00 0 
7f3a2c000000-7f3a2c100000 rw-p 00000000 00:00 0 
7f3a2c100000-7f3a2c200000 rw-p 00000000 00:00 0 
7f3a2c200000-7f3a2c700000 rw-p 00000000 00:00 0 
7f3a2c700000-7f3a2c800000 rw-p 00000000 00:00 0 
7f3a2c800000-7f3a2c900000 rw-p 00000000 00:00 0 
7f3a2c900000-7f3a2ca00000 rw-p 00000000 00:00 0 
7f3a2ca00000-7f3a2cd00000 rw-p 00000000 00:00 0 
7f3a2cd00000-7f3a2ce00000 rw-p 00000000 00:00 0 
7f3a2ce00000-7f3a2d000000 rw-p 00000000 00:00 0 
7f3a2de00000-7f3a2de10000 r-xp 00000000 00:eff 355                       /home/runner/.cache/jdt-language-server/config/org.eclipse.equinox.launcher/org.eclipse.equinox.launcher.gtk.linux.x86_64_1.2.400.v20211117-0650/eclipse_11600.so
7f3a2de10000-7f3a2e00f000 ---p 00010000 00:eff 355                       /home/runner/.cache/jdt-language-server/config/org.eclipse.equinox.launcher/org.eclipse.equinox.launcher.gtk.linux.x86_64_1.2.400.v20211117-0650/eclipse_11600.so
7f3a2e00f000-7f3a2e010000 r--p 0000f000 00:eff 355                       /home/runner/.cache/jdt-language-server/config/org.eclipse.equinox.launcher/org.eclipse.equinox.launcher.gtk.linux.x86_64_1.2.400.v20211117-0650/eclipse_11600.so
7f3a2e010000-7f3a2e011000 rw-p 00010000 00:eff 355                       /home/runner/.cache/jdt-language-server/config/org.eclipse.equinox.launcher/org.eclipse.equinox.launcher.gtk.linux.x86_64_1.2.400.v20211117-0650/eclipse_11600.so
7f3a2e700000-7f3a2e800000 ---p 00000000 00:00 0 
7f3a2e800000-7f3a2edaf000 r--p 01122000 00:f1f 4611686019135190040       /nix/store/gpxl5qgg8kicmcvivwmybwjlpf7wh20l-graalvm17-ce-22.3.0/lib/libjvmcicompiler.so
7f3a2edaf000-7f3a2ef00000 r--p 00000000 00:00 0 
7f3a2ef00000-7f3a2ef3d000 rw-p 00000000 00:00 0 
7f3a2ef3d000-7f3a2f45d000 rw-p 0185f000 00:f1f 4611686019135190040       /nix/store/gpxl5qgg8kicmcvivwmybwjlpf7wh20l-graalvm17-ce-22.3.0/lib/libjvmcicompiler.so
7f3a2f45d000-7f3a2f844000 r--p 01d7f000 00:f1f 4611686019135190040       /nix/store/gpxl5qgg8kicmcvivwmybwjlpf7wh20l-graalvm17-ce-22.3.0/lib/libjvmcicompiler.so
7f3a2f900000-7f3a2f904000 ---p 00000000 00:00 0 
7f3a2f904000-7f3a2fa00000 rw-p 00000000 00:00 0 
7f3a2fb00000-7f3a2fb04000 ---p 00000000 00:00 0 
7f3a2fb04000-7f3a2fc00000 rw-p 00000000 00:00 0 
7f3a2fd00000-7f3a2fd04000 ---p 00000000 00:00 0 
7f3a2fd04000-7f3a2fe00000 rw-p 00000000 00:00 0 
7f3a2ff00000-7f3a2ff04000 ---p 00000000 00:00 0 
7f3a2ff04000-7f3a30000000 rw-p 00000000 00:00 0 
7f3a30100000-7f3a30104000 ---p 00000000 00:00 0 
7f3a30104000-7f3a30200000 rw-p 00000000 00:00 0 
7f3a30300000-7f3a30304000 ---p 00000000 00:00 0 
7f3a30304000-7f3a30400000 rw-p 00000000 00:00 0 
7f3a30500000-7f3a30504000 ---p 00000000 00:00 0 
7f3a30504000-7f3a30600000 rw-p 00000000 00:00 0 
7f3a30700000-7f3a30704000 ---p 00000000 00:00 0 
7f3a30704000-7f3a30800000 rw-p 00000000 00:00 0 
7f3a30900000-7f3a30904000 ---p 00000000 00:00 0 
7f3a30904000-7f3a30a00000 rw-p 00000000 00:00 0 
7f3a31668000-7f3a31b00000 rw-p 00000000 00:00 0 
7f3a31c00000-7f3a33d6a000 r-xp 00000000 00:f1f 4611686019135190040       /nix/store/gpxl5qgg8kicmcvivwmybwjlpf7wh20l-graalvm17-ce-22.3.0/lib/libjvmcicompiler.so
7f3a33d6a000-7f3a33f69000 ---p 0216a000 00:f1f 4611686019135190040       /nix/store/gpxl5qgg8kicmcvivwmybwjlpf7wh20l-graalvm17-ce-22.3.0/lib/libjvmcicompiler.so
7f3a33f69000-7f3a33f6a000 r--p 02169000 00:f1f 4611686019135190040       /nix/store/gpxl5qgg8kicmcvivwmybwjlpf7wh20l-graalvm17-ce-22.3.0/lib/libjvmcicompiler.so
7f3a33f6a000-7f3a33f6c000 rw-p 0216a000 00:f1f 4611686019135190040       /nix/store/gpxl5qgg8kicmcvivwmybwjlpf7wh20l-graalvm17-ce-22.3.0/lib/libjvmcicompiler.so
7f3a33f6c000-7f3a33f6d000 rw-p 00000000 00:00 0 
7f3a33f6d000-7f3a33f72000 rw-p 023c3000 00:f1f 4611686019135190040       /nix/store/gpxl5qgg8kicmcvivwmybwjlpf7wh20l-graalvm17-ce-22.3.0/lib/libjvmcicompiler.so
7f3a34000000-7f3a34021000 rw-p 00000000 00:00 0 
7f3a34021000-7f3a38000000 ---p 00000000 00:00 0 
7f3a38000000-7f3a38021000 rw-p 00000000 00:00 0 
7f3a38021000-7f3a3c000000 ---p 00000000 00:00 0 
7f3a3c000000-7f3a3c059000 rw-p 00000000 00:00 0 
7f3a3c059000-7f3a40000000 ---p 00000000 00:00 0 
7f3a40000000-7f3a4021c000 rw-p 00000000 00:00 0 
7f3a4021c000-7f3a44000000 ---p 00000000 00:00 0 
7f3a44000000-7f3a440e2000 rw-p 00000000 00:00 0 
7f3a440e2000-7f3a48000000 ---p 00000000 00:00 0 
7f3a48000000-7f3a48b11000 rw-p 00000000 00:00 0 
7f3a48b11000-7f3a4c000000 ---p 00000000 00:00 0 
7f3a4c000000-7f3a4c021000 rw-p 00000000 00:00 0 
7f3a4c021000-7f3a50000000 ---p 00000000 00:00 0 
7f3a50000000-7f3a50021000 rw-p 00000000 00:00 0 
7f3a50021000-7f3a54000000 ---p 00000000 00:00 0 
7f3a54000000-7f3a54021000 rw-p 00000000 00:00 0 
7f3a54021000-7f3a58000000 ---p 00000000 00:00 0 
7f3a58000000-7f3a58021000 rw-p 00000000 00:00 0 
7f3a58021000-7f3a5c000000 ---p 00000000 00:00 0 
7f3a5c000000-7f3a5c026000 rw-p 00000000 00:00 0 
7f3a5c026000-7f3a60000000 ---p 00000000 00:00 0 
7f3a60000000-7f3a60021000 rw-p 00000000 00:00 0 
7f3a60021000-7f3a64000000 ---p 00000000 00:00 0 
7f3a64000000-7f3a64059000 rw-p 00000000 00:00 0 
7f3a64059000-7f3a68000000 ---p 00000000 00:00 0 
7f3a68100000-7f3a68104000 ---p 00000000 00:00 0 
7f3a68104000-7f3a68200000 rw-p 00000000 00:00 0 
7f3a68300000-7f3a68304000 ---p 00000000 00:00 0 
7f3a68304000-7f3a68400000 rw-p 00000000 00:00 0 
7f3a68400000-7f3a68404000 ---p 00000000 00:00 0 
7f3a68404000-7f3a68500000 rw-p 00000000 00:00 0 
7f3a68500000-7f3a68504000 ---p 00000000 00:00 0 
7f3a68504000-7f3a68600000 rw-p 00000000 00:00 0 
7f3a68700000-7f3a68704000 ---p 00000000 00:00 0 
7f3a68704000-7f3a68800000 rw-p 00000000 00:00 0 
7f3a68900000-7f3a68904000 ---p 00000000 00:00 0 
7f3a68904000-7f3a68a00000 rw-p 00000000 00:00 0 
7f3a68b00000-7f3a68b04000 ---p 00000000 00:00 0 
7f3a68b04000-7f3a68c00000 rw-p 00000000 00:00 0 
7f3a68d00000-7f3a68d04000 ---p 00000000 00:00 0 
7f3a68d04000-7f3a68e00000 rw-p 00000000 00:00 0 
7f3a68f18000-7f3a68f19000 ---p 00000000 00:00 0 
7f3a68f19000-7f3a6901a000 rw-p 00000000 00:00 0 
7f3a6901a000-7f3a6901e000 ---p 00000000 00:00 0 
7f3a6901e000-7f3a6911a000 rw-p 00000000 00:00 0 
7f3a6911a000-7f3a6911e000 ---p 00000000 00:00 0 
7f3a6911e000-7f3a6921a000 rw-p 00000000 00:00 0 
7f3a6921a000-7f3a6921e000 ---p 00000000 00:00 0 
7f3a6921e000-7f3a6931a000 rw-p 00000000 00:00 0 
7f3a6931a000-7f3a6931e000 ---p 00000000 00:00 0 
7f3a6931e000-7f3a6951a000 rw-p 00000000 00:00 0 
7f3a6951a000-7f3a6951e000 ---p 00000000 00:00 0 
7f3a6951e000-7f3a6971a000 rw-p 00000000 00:00 0 
7f3a6971a000-7f3a6971e000 ---p 00000000 00:00 0 
7f3a6971e000-7f3a6981a000 rw-p 00000000 00:00 0 
7f3a6981a000-7f3a6981e000 ---p 00000000 00:00 0 
7f3a6981e000-7f3a6991a000 rw-p 00000000 00:00 0 
7f3a6991a000-7f3a69c00000 r--p 00000000 00:974 28444448                  /usr/lib/locale/locale-archive
7f3a69c00000-7f3a6a000000 rw-p 00000000 00:00 0 
7f3a6a000000-7f3a6a1e0000 rw-p 00000000 00:00 0 
7f3a6a1e0000-7f3a6a200000 rw-p 00000000 00:00 0 
7f3a6a200000-7f3a6a300000 rw-p 00000000 00:00 0 
7f3a6a300000-7f3a6a400000 rw-p 00000000 00:00 0 
7f3a6a4b3000-7f3a6b4b3000 rw-p 00000000 00:00 0 
7f3a6b4b3000-7f3a6b723000 rwxp 00000000 00:00 0 
7f3a6b723000-7f3a6ba42000 ---p 00000000 00:00 0 
7f3a6ba42000-7f3a6c782000 rwxp 00000000 00:00 0 
7f3a6c782000-7f3a72f7a000 ---p 00000000 00:00 0 
7f3a72f7a000-7f3a731ea000 rwxp 00000000 00:00 0 
7f3a731ea000-7f3a7a4b3000 ---p 00000000 00:00 0 
7f3a7a4b3000-7f3a84000000 r--s 00000000 00:f1f 4611686019135192581       /nix/store/gpxl5qgg8kicmcvivwmybwjlpf7wh20l-graalvm17-ce-22.3.0/lib/modules
7f3a84000000-7f3a84618000 rw-p 00000000 00:00 0 
7f3a84618000-7f3a88000000 ---p 00000000 00:00 0 
7f3a8806e000-7f3a88070000 r-xp 00000000 00:f1f 4611686019135190017       /nix/store/gpxl5qgg8kicmcvivwmybwjlpf7wh20l-graalvm17-ce-22.3.0/lib/libextnet.so
7f3a88070000-7f3a88071000 r--p 00001000 00:f1f 4611686019135190017       /nix/store/gpxl5qgg8kicmcvivwmybwjlpf7wh20l-graalvm17-ce-22.3.0/lib/libextnet.so
7f3a88071000-7f3a88072000 rw-p 00002000 00:f1f 4611686019135190017       /nix/store/gpxl5qgg8kicmcvivwmybwjlpf7wh20l-graalvm17-ce-22.3.0/lib/libextnet.so
7f3a88072000-7f3a88073000 rw-p 00004000 00:f1f 4611686019135190017       /nix/store/gpxl5qgg8kicmcvivwmybwjlpf7wh20l-graalvm17-ce-22.3.0/lib/libextnet.so
7f3a88073000-7f3a88077000 ---p 00000000 00:00 0 
7f3a88077000-7f3a88095000 rw-p 00000000 00:00 0 
7f3a88095000-7f3a8809c000 r-xp 00000000 00:f1f 4611686019135192580       /nix/store/gpxl5qgg8kicmcvivwmybwjlpf7wh20l-graalvm17-ce-22.3.0/lib/libzip.so
7f3a8809c000-7f3a8809d000 ---p 00007000 00:f1f 4611686019135192580       /nix/store/gpxl5qgg8kicmcvivwmybwjlpf7wh20l-graalvm17-ce-22.3.0/lib/libzip.so
7f3a8809d000-7f3a8809e000 r--p 00007000 00:f1f 4611686019135192580       /nix/store/gpxl5qgg8kicmcvivwmybwjlpf7wh20l-graalvm17-ce-22.3.0/lib/libzip.so
7f3a8809e000-7f3a8809f000 rw-p 00008000 00:f1f 4611686019135192580       /nix/store/gpxl5qgg8kicmcvivwmybwjlpf7wh20l-graalvm17-ce-22.3.0/lib/libzip.so
7f3a8809f000-7f3a880a1000 rw-p 0000b000 00:f1f 4611686019135192580       /nix/store/gpxl5qgg8kicmcvivwmybwjlpf7wh20l-graalvm17-ce-22.3.0/lib/libzip.so
7f3a880a1000-7f3a880b6000 r-xp 00000000 00:f1f 4611686019135192570       /nix/store/gpxl5qgg8kicmcvivwmybwjlpf7wh20l-graalvm17-ce-22.3.0/lib/libnet.so
7f3a880b6000-7f3a880b7000 ---p 00015000 00:f1f 4611686019135192570       /nix/store/gpxl5qgg8kicmcvivwmybwjlpf7wh20l-graalvm17-ce-22.3.0/lib/libnet.so
7f3a880b7000-7f3a880b8000 r--p 00015000 00:f1f 4611686019135192570       /nix/store/gpxl5qgg8kicmcvivwmybwjlpf7wh20l-graalvm17-ce-22.3.0/lib/libnet.so
7f3a880b8000-7f3a880b9000 rw-p 00016000 00:f1f 4611686019135192570       /nix/store/gpxl5qgg8kicmcvivwmybwjlpf7wh20l-graalvm17-ce-22.3.0/lib/libnet.so
7f3a880b9000-7f3a880bc000 rw-p 0001b000 00:f1f 4611686019135192570       /nix/store/gpxl5qgg8kicmcvivwmybwjlpf7wh20l-graalvm17-ce-22.3.0/lib/libnet.so
7f3a880bc000-7f3a880cf000 r-xp 00000000 00:f1f 4611686019135192571       /nix/store/gpxl5qgg8kicmcvivwmybwjlpf7wh20l-graalvm17-ce-22.3.0/lib/libnio.so
7f3a880cf000-7f3a880d0000 r--p 00012000 00:f1f 4611686019135192571       /nix/store/gpxl5qgg8kicmcvivwmybwjlpf7wh20l-graalvm17-ce-22.3.0/lib/libnio.so
7f3a880d0000-7f3a880d1000 rw-p 00013000 00:f1f 4611686019135192571       /nix/store/gpxl5qgg8kicmcvivwmybwjlpf7wh20l-graalvm17-ce-22.3.0/lib/libnio.so
7f3a880d1000-7f3a880d6000 rw-p 00019000 00:f1f 4611686019135192571       /nix/store/gpxl5qgg8kicmcvivwmybwjlpf7wh20l-graalvm17-ce-22.3.0/lib/libnio.so
7f3a880d6000-7f3a880da000 ---p 00000000 00:00 0 
7f3a880da000-7f3a881d6000 rw-p 00000000 00:00 0 
7f3a881d6000-7f3a881da000 ---p 00000000 00:00 0 
7f3a881da000-7f3a882d6000 rw-p 00000000 00:00 0 
7f3a882d6000-7f3a882da000 ---p 00000000 00:00 0 
7f3a882da000-7f3a883d6000 rw-p 00000000 00:00 0 
7f3a883d6000-7f3a883d7000 ---p 00000000 00:00 0 
7f3a883d7000-7f3a884d8000 rw-p 00000000 00:00 0 
7f3a884d8000-7f3a885a6000 r-xp 00000000 00:f1f 4611686019135190036       /nix/store/gpxl5qgg8kicmcvivwmybwjlpf7wh20l-graalvm17-ce-22.3.0/lib/libjsvml.so
7f3a885a6000-7f3a885a7000 r--p 000cd000 00:f1f 4611686019135190036       /nix/store/gpxl5qgg8kicmcvivwmybwjlpf7wh20l-graalvm17-ce-22.3.0/lib/libjsvml.so
7f3a885a7000-7f3a885a8000 rw-p 000ce000 00:f1f 4611686019135190036       /nix/store/gpxl5qgg8kicmcvivwmybwjlpf7wh20l-graalvm17-ce-22.3.0/lib/libjsvml.so
7f3a885a8000-7f3a88e80000 rw-p 00000000 00:00 0 
7f3a88e80000-7f3a88e81000 ---p 00000000 00:00 0 
7f3a88e81000-7f3a8902c000 rw-p 00000000 00:00 0 
7f3a8902c000-7f3a89040000 rw-p 00000000 00:00 0 
7f3a89040000-7f3a89082000 ---p 00000000 00:00 0 
7f3a89082000-7f3a89088000 rw-p 00000000 00:00 0 
7f3a89088000-7f3a8916e000 ---p 00000000 00:00 0 
7f3a8916e000-7f3a89189000 rw-p 00000000 00:00 0 
7f3a89189000-7f3a89259000 ---p 00000000 00:00 0 
7f3a89259000-7f3a8925e000 rw-p 00000000 00:00 0 
7f3a8925e000-7f3a89265000 ---p 00000000 00:00 0 
7f3a89265000-7f3a89289000 r-xp 00000000 00:f1f 4611686019135190028       /nix/store/gpxl5qgg8kicmcvivwmybwjlpf7wh20l-graalvm17-ce-22.3.0/lib/libjava.so
7f3a89289000-7f3a8928a000 ---p 00024000 00:f1f 4611686019135190028       /nix/store/gpxl5qgg8kicmcvivwmybwjlpf7wh20l-graalvm17-ce-22.3.0/lib/libjava.so
7f3a8928a000-7f3a8928b000 r--p 00024000 00:f1f 4611686019135190028       /nix/store/gpxl5qgg8kicmcvivwmybwjlpf7wh20l-graalvm17-ce-22.3.0/lib/libjava.so
7f3a8928b000-7f3a8928c000 rw-p 00025000 00:f1f 4611686019135190028       /nix/store/gpxl5qgg8kicmcvivwmybwjlpf7wh20l-graalvm17-ce-22.3.0/lib/libjava.so
7f3a8928c000-7f3a8928d000 rw-p 00000000 00:00 0 
7f3a8928d000-7f3a89294000 rw-p 0002f000 00:f1f 4611686019135190028       /nix/store/gpxl5qgg8kicmcvivwmybwjlpf7wh20l-graalvm17-ce-22.3.0/lib/libjava.so
7f3a89294000-7f3a8929c000 rw-s 00000000 00:47f 352                       /tmp/hsperfdata_runner/31
7f3a8929c000-7f3a8929d000 ---p 00000000 00:00 0 
7f3a8929d000-7f3a8929e000 r--p 00000000 00:00 0 
7f3a8929e000-7f3a8929f000 rwxp 00000000 00:00 0 
7f3a8929f000-7f3a892ba000 r-xp 00000000 00:f1f 4611686019135190032       /nix/store/gpxl5qgg8kicmcvivwmybwjlpf7wh20l-graalvm17-ce-22.3.0/lib/libjimage.so
7f3a892ba000-7f3a892bb000 ---p 0001b000 00:f1f 4611686019135190032       /nix/store/gpxl5qgg8kicmcvivwmybwjlpf7wh20l-graalvm17-ce-22.3.0/lib/libjimage.so
7f3a892bb000-7f3a892bd000 r--p 0001b000 00:f1f 4611686019135190032       /nix/store/gpxl5qgg8kicmcvivwmybwjlpf7wh20l-graalvm17-ce-22.3.0/lib/libjimage.so
7f3a892bd000-7f3a892be000 rw-p 0001d000 00:f1f 4611686019135190032       /nix/store/gpxl5qgg8kicmcvivwmybwjlpf7wh20l-graalvm17-ce-22.3.0/lib/libjimage.so
7f3a892be000-7f3a892bf000 rw-p 00024000 00:f1f 4611686019135190032       /nix/store/gpxl5qgg8kicmcvivwmybwjlpf7wh20l-graalvm17-ce-22.3.0/lib/libjimage.so
7f3a892bf000-7f3a892c3000 ---p 00000000 00:00 0 
7f3a892c3000-7f3a893bf000 rw-p 00000000 00:00 0 
7f3a893bf000-7f3a893cd000 r--p 00000000 00:f1f 4611686019027979927       /nix/store/4nlgxhb09sdr51nc9hdm8az5b08vzkgx-glibc-2.35-163/lib/libm.so.6
7f3a893cd000-7f3a89440000 r-xp 0000e000 00:f1f 4611686019027979927       /nix/store/4nlgxhb09sdr51nc9hdm8az5b08vzkgx-glibc-2.35-163/lib/libm.so.6
7f3a89440000-7f3a8949d000 r--p 00081000 00:f1f 4611686019027979927       /nix/store/4nlgxhb09sdr51nc9hdm8az5b08vzkgx-glibc-2.35-163/lib/libm.so.6
7f3a8949d000-7f3a8949e000 r--p 000dd000 00:f1f 4611686019027979927       /nix/store/4nlgxhb09sdr51nc9hdm8az5b08vzkgx-glibc-2.35-163/lib/libm.so.6
7f3a8949e000-7f3a8949f000 rw-p 000de000 00:f1f 4611686019027979927       /nix/store/4nlgxhb09sdr51nc9hdm8az5b08vzkgx-glibc-2.35-163/lib/libm.so.6
7f3a8949f000-7f3a894a0000 r--p 00000000 00:f1f 4611686019027979946       /nix/store/4nlgxhb09sdr51nc9hdm8az5b08vzkgx-glibc-2.35-163/lib/librt.so.1
7f3a894a0000-7f3a894a1000 r-xp 00001000 00:f1f 4611686019027979946       /nix/store/4nlgxhb09sdr51nc9hdm8az5b08vzkgx-glibc-2.35-163/lib/librt.so.1
7f3a894a1000-7f3a894a2000 r--p 00002000 00:f1f 4611686019027979946       /nix/store/4nlgxhb09sdr51nc9hdm8az5b08vzkgx-glibc-2.35-163/lib/librt.so.1
7f3a894a2000-7f3a894a3000 r--p 00002000 00:f1f 4611686019027979946       /nix/store/4nlgxhb09sdr51nc9hdm8az5b08vzkgx-glibc-2.35-163/lib/librt.so.1
7f3a894a3000-7f3a894a4000 rw-p 00003000 00:f1f 4611686019027979946       /nix/store/4nlgxhb09sdr51nc9hdm8az5b08vzkgx-glibc-2.35-163/lib/librt.so.1
7f3a894a4000-7f3a8a5b7000 r-xp 00000000 00:f1f 4611686019135360866       /nix/store/gpxl5qgg8kicmcvivwmybwjlpf7wh20l-graalvm17-ce-22.3.0/lib/server/libjvm.so
7f3a8a5b7000-7f3a8a5b8000 ---p 01113000 00:f1f 4611686019135360866       /nix/store/gpxl5qgg8kicmcvivwmybwjlpf7wh20l-graalvm17-ce-22.3.0/lib/server/libjvm.so
7f3a8a5b8000-7f3a8a66d000 r--p 01113000 00:f1f 4611686019135360866       /nix/store/gpxl5qgg8kicmcvivwmybwjlpf7wh20l-graalvm17-ce-22.3.0/lib/server/libjvm.so
7f3a8a66d000-7f3a8a6a1000 rw-p 011c8000 00:f1f 4611686019135360866       /nix/store/gpxl5qgg8kicmcvivwmybwjlpf7wh20l-graalvm17-ce-22.3.0/lib/server/libjvm.so
7f3a8a6a1000-7f3a8a6fd000 rw-p 00000000 00:00 0 
7f3a8a6fd000-7f3a8a725000 r--p 00000000 00:f1f 4611686019027979918       /nix/store/4nlgxhb09sdr51nc9hdm8az5b08vzkgx-glibc-2.35-163/lib/libc.so.6
7f3a8a725000-7f3a8a89b000 r-xp 00028000 00:f1f 4611686019027979918       /nix/store/4nlgxhb09sdr51nc9hdm8az5b08vzkgx-glibc-2.35-163/lib/libc.so.6
7f3a8a89b000-7f3a8a8f3000 r--p 0019e000 00:f1f 4611686019027979918       /nix/store/4nlgxhb09sdr51nc9hdm8az5b08vzkgx-glibc-2.35-163/lib/libc.so.6
7f3a8a8f3000-7f3a8a8f7000 r--p 001f6000 00:f1f 4611686019027979918       /nix/store/4nlgxhb09sdr51nc9hdm8az5b08vzkgx-glibc-2.35-163/lib/libc.so.6
7f3a8a8f7000-7f3a8a8f9000 rw-p 001fa000 00:f1f 4611686019027979918       /nix/store/4nlgxhb09sdr51nc9hdm8az5b08vzkgx-glibc-2.35-163/lib/libc.so.6
7f3a8a8f9000-7f3a8a908000 rw-p 00000000 00:00 0 
7f3a8a908000-7f3a8a909000 r--p 00000000 00:f1f 4611686019027979923       /nix/store/4nlgxhb09sdr51nc9hdm8az5b08vzkgx-glibc-2.35-163/lib/libdl.so.2
7f3a8a909000-7f3a8a90a000 r-xp 00001000 00:f1f 4611686019027979923       /nix/store/4nlgxhb09sdr51nc9hdm8az5b08vzkgx-glibc-2.35-163/lib/libdl.so.2
7f3a8a90a000-7f3a8a90b000 r--p 00002000 00:f1f 4611686019027979923       /nix/store/4nlgxhb09sdr51nc9hdm8az5b08vzkgx-glibc-2.35-163/lib/libdl.so.2
7f3a8a90b000-7f3a8a90c000 r--p 00002000 00:f1f 4611686019027979923       /nix/store/4nlgxhb09sdr51nc9hdm8az5b08vzkgx-glibc-2.35-163/lib/libdl.so.2
7f3a8a90c000-7f3a8a90d000 rw-p 00003000 00:f1f 4611686019027979923       /nix/store/4nlgxhb09sdr51nc9hdm8az5b08vzkgx-glibc-2.35-163/lib/libdl.so.2
7f3a8a90d000-7f3a8a90e000 r--p 00000000 00:f1f 4611686019027979942       /nix/store/4nlgxhb09sdr51nc9hdm8az5b08vzkgx-glibc-2.35-163/lib/libpthread.so.0
7f3a8a90e000-7f3a8a90f000 r-xp 00001000 00:f1f 4611686019027979942       /nix/store/4nlgxhb09sdr51nc9hdm8az5b08vzkgx-glibc-2.35-163/lib/libpthread.so.0
7f3a8a90f000-7f3a8a910000 r--p 00002000 00:f1f 4611686019027979942       /nix/store/4nlgxhb09sdr51nc9hdm8az5b08vzkgx-glibc-2.35-163/lib/libpthread.so.0
7f3a8a910000-7f3a8a911000 r--p 00002000 00:f1f 4611686019027979942       /nix/store/4nlgxhb09sdr51nc9hdm8az5b08vzkgx-glibc-2.35-163/lib/libpthread.so.0
7f3a8a911000-7f3a8a912000 rw-p 00003000 00:f1f 4611686019027979942       /nix/store/4nlgxhb09sdr51nc9hdm8az5b08vzkgx-glibc-2.35-163/lib/libpthread.so.0
7f3a8a912000-7f3a8a920000 r-xp 00000000 00:f1f 4611686019135190033       /nix/store/gpxl5qgg8kicmcvivwmybwjlpf7wh20l-graalvm17-ce-22.3.0/lib/libjli.so
7f3a8a920000-7f3a8a921000 ---p 0000e000 00:f1f 4611686019135190033       /nix/store/gpxl5qgg8kicmcvivwmybwjlpf7wh20l-graalvm17-ce-22.3.0/lib/libjli.so
7f3a8a921000-7f3a8a922000 r--p 0000e000 00:f1f 4611686019135190033       /nix/store/gpxl5qgg8kicmcvivwmybwjlpf7wh20l-graalvm17-ce-22.3.0/lib/libjli.so
7f3a8a922000-7f3a8a923000 rw-p 0000f000 00:f1f 4611686019135190033       /nix/store/gpxl5qgg8kicmcvivwmybwjlpf7wh20l-graalvm17-ce-22.3.0/lib/libjli.so
7f3a8a923000-7f3a8a924000 rw-p 00012000 00:f1f 4611686019135190033       /nix/store/gpxl5qgg8kicmcvivwmybwjlpf7wh20l-graalvm17-ce-22.3.0/lib/libjli.so
7f3a8a924000-7f3a8a927000 r--p 00000000 00:f1f 4611686019106210071       /nix/store/026hln0aq1hyshaxsdvhg0kmcm6yf45r-zlib-1.2.13/lib/libz.so.1.2.13
7f3a8a927000-7f3a8a939000 r-xp 00003000 00:f1f 4611686019106210071       /nix/store/026hln0aq1hyshaxsdvhg0kmcm6yf45r-zlib-1.2.13/lib/libz.so.1.2.13
7f3a8a939000-7f3a8a940000 r--p 00015000 00:f1f 4611686019106210071       /nix/store/026hln0aq1hyshaxsdvhg0kmcm6yf45r-zlib-1.2.13/lib/libz.so.1.2.13
7f3a8a940000-7f3a8a941000 r--p 0001b000 00:f1f 4611686019106210071       /nix/store/026hln0aq1hyshaxsdvhg0kmcm6yf45r-zlib-1.2.13/lib/libz.so.1.2.13
7f3a8a941000-7f3a8a942000 rw-p 0001c000 00:f1f 4611686019106210071       /nix/store/026hln0aq1hyshaxsdvhg0kmcm6yf45r-zlib-1.2.13/lib/libz.so.1.2.13
7f3a8a942000-7f3a8a944000 rw-p 00000000 00:00 0 
7f3a8a944000-7f3a8a946000 r--p 00000000 00:f1f 4611686019027979912       /nix/store/4nlgxhb09sdr51nc9hdm8az5b08vzkgx-glibc-2.35-163/lib/ld-linux-x86-64.so.2
7f3a8a946000-7f3a8a96d000 r-xp 00002000 00:f1f 4611686019027979912       /nix/store/4nlgxhb09sdr51nc9hdm8az5b08vzkgx-glibc-2.35-163/lib/ld-linux-x86-64.so.2
7f3a8a96d000-7f3a8a979000 r--p 00029000 00:f1f 4611686019027979912       /nix/store/4nlgxhb09sdr51nc9hdm8az5b08vzkgx-glibc-2.35-163/lib/ld-linux-x86-64.so.2
7f3a8a979000-7f3a8a97b000 r--p 00034000 00:f1f 4611686019027979912       /nix/store/4nlgxhb09sdr51nc9hdm8az5b08vzkgx-glibc-2.35-163/lib/ld-linux-x86-64.so.2
7f3a8a97b000-7f3a8a97d000 rw-p 00036000 00:f1f 4611686019027979912       /nix/store/4nlgxhb09sdr51nc9hdm8az5b08vzkgx-glibc-2.35-163/lib/ld-linux-x86-64.so.2
7ffceae23000-7ffceae47000 rw-p 00000000 00:00 0                          [stack]
7ffceaf16000-7ffceaf1a000 r--p 00000000 00:00 0                          [vvar]
7ffceaf1a000-7ffceaf1c000 r-xp 00000000 00:00 0                          [vdso]
ffffffffff600000-ffffffffff601000 --xp 00000000 00:00 0                  [vsyscall]


VM Arguments:
jvm_args: -XX:ThreadPriorityPolicy=1 -XX:+UnlockExperimentalVMOptions -XX:+EnableJVMCIProduct -XX:JVMCIThreadsPerNativeLibraryRuntime=1 -XX:-UnlockExperimentalVMOptions -Declipse.application=org.eclipse.jdt.ls.core.id1 -Dosgi.bundles.defaultStartLevel=4 -Declipse.product=org.eclipse.jdt.ls.core.product -Dlog.level=ALL -Xverify:none -XX:+UseParallelGC -XX:GCTimeRatio=4 -XX:AdaptiveSizePolicyWeight=90 -Dsun.zip.disableMemoryMapping=true -Xmx512m -Xms100m 
java_command: /nix/store/m6gcpi1ii6rghy04cjwjddcavv7i90df-jdt-language-server-1.9.0/share/java/plugins/org.eclipse.equinox.launcher_1.6.400.v20210924-0641.jar --add-modules=ALL-SYSTEM --add-opens java.base/java.util=ALL-UNNAMED --add-opens java.base/java.lang=ALL-UNNAMED -configuration /home/runner/.cache/jdt-language-server/config -data /home/runner/.cache/jdt-language-server/data/home/runner/Preservative-calculator-G4
java_class_path (initial): /nix/store/m6gcpi1ii6rghy04cjwjddcavv7i90df-jdt-language-server-1.9.0/share/java/plugins/org.eclipse.equinox.launcher_1.6.400.v20210924-0641.jar
Launcher Type: SUN_STANDARD

[Global flags]
    uintx AdaptiveSizePolicyWeight                 = 90                                        {product} {command line}
     intx CICompilerCount                          = 2                                         {product} {ergonomic}
     bool EnableJVMCIProduct                       = true                                {JVMCI product} {jimage}
    uintx GCTimeRatio                              = 4                                         {product} {command line}
   size_t InitialHeapSize                          = 104857600                                 {product} {command line}
     uint JVMCIThreadsPerNativeLibraryRuntime      = 1                                   {JVMCI product} {jimage}
   size_t MaxHeapSize                              = 536870912                                 {product} {command line}
   size_t MaxNewSize                               = 178782208                                 {product} {ergonomic}
   size_t MinHeapDeltaBytes                        = 524288                                    {product} {ergonomic}
   size_t MinHeapSize                              = 104857600                                 {product} {command line}
   size_t NewSize                                  = 34603008                                  {product} {ergonomic}
    uintx NonNMethodCodeHeapSize                   = 5826188                                {pd product} {ergonomic}
    uintx NonProfiledCodeHeapSize                  = 122916026                              {pd product} {ergonomic}
   size_t OldSize                                  = 70254592                                  {product} {ergonomic}
    uintx ProfiledCodeHeapSize                     = 122916026                              {pd product} {ergonomic}
    uintx ReservedCodeCacheSize                    = 251658240                              {pd product} {ergonomic}
     bool SegmentedCodeCache                       = true                                      {product} {ergonomic}
   size_t SoftMaxHeapSize                          = 536870912                              {manageable} {ergonomic}
     intx ThreadPriorityPolicy                     = 1                                         {product} {jimage}
     bool UseCompressedClassPointers               = true                           {product lp64_product} {ergonomic}
     bool UseCompressedOops                        = true                           {product lp64_product} {ergonomic}
     bool UseParallelGC                            = true                                      {product} {command line}

Logging:
Log output configuration:
 #0: stdout all=warning uptime,level,tags
 #1: stderr all=off uptime,level,tags

Environment Variables:
JAVA_HOME=/nix/store/gpxl5qgg8kicmcvivwmybwjlpf7wh20l-graalvm17-ce-22.3.0
PATH=/nix/store/1d6ian3r8kdzspw8hacjhl3xkp40g1lj-binutils-wrapper-2.39/bin:/nix/store/dq0xwmsk1g0i2ayg6pb7y87na2knzylh-gcc-wrapper-11.3.0/bin:/nix/store/bap4d0lpcrhpwmpb8ayjcgkmvfj62lnq-bash-interactive-5.1-p16/bin:/nix/store/pr5n59mb4jzmfx6kanwxly0l07p861fg-patchelf-0.15.0/bin:/nix/store/1gf2flfqnpqbr1b4p4qz2f72y42bs56r-gcc-11.3.0/bin:/nix/store/57xv61c5zi8pphjbcwxxjlgc34p61ic9-glibc-2.35-163-bin/bin:/nix/store/a7gvj343m05j2s32xcnwr35v31ynlypr-coreutils-9.1/bin:/nix/store/039g378vc3pc3dvi9dzdlrd0i4q93qwf-binutils-2.39/bin:/nix/store/gpxl5qgg8kicmcvivwmybwjlpf7wh20l-graalvm17-ce-22.3.0/bin:/nix/store/6z9ag3ihc8mq2hzsw48lhbznvzny65nz-apache-maven-3.8.6/bin:/nix/store/m6gcpi1ii6rghy04cjwjddcavv7i90df-jdt-language-server-1.9.0/bin:/nix/store/84xs5alhs01zrbr4ywm05kxbjbp5590l-java-debug/bin:/nix/store/mydc6f4k2z73xlcz7ilif3v2lcaiqvza-findutils-4.9.0/bin:/nix/store/j9p3g8472iijd50vhdprx0nmk2fqn5gv-diffutils-3.8/bin:/nix/store/89zs7rms6x00xfq4dq6m7mjnhkr8a6r4-gnused-4.8/bin:/nix/store/86bp03jkmsl6f92w0yzg4s59g5mhxwmy-gnugrep-3.7/bin:/nix/store/hwcdqw4jrjnd37wxqgsd47hd0j8bnj09-gawk-5.1.1/bin:/nix/store/cfbhw8r8ags41vwqaz47r583d0p4h4a1-gnutar-1.34/bin:/nix/store/p3m1ndl1lapwrlh698bnb5lvvxh67378-gzip-1.12/bin:/nix/store/a8mhcagrsly7c7mpjrpsnaahk4aax056-bzip2-1.0.8-bin/bin:/nix/store/mblgz65m3zv9x548a3d5m96fj2pbwr09-gnumake-4.3/bin:/nix/store/dsd5gz46hdbdk2rfdimqddhq6m8m8fqs-bash-5.1-p16/bin:/nix/store/v7ljksji50mg3w61dykaa3n3y79n6nil-patch-2.7.6/bin:/nix/store/zlcnmqq14jz5x9439jf937mvayyl63da-xz-5.2.7-bin/bin:/nix/store/y6aj732zm9m87c82fpvf103a1xb22blp-file-5.43/bin:/nix/store/sgqd0ajghcv2axfl1lad0b1alyavp0dc-prybar-elisp-0.0.0-67f7a00/bin:/nix/store/p3hsvljpgs68jqwar41lc0jqhjj734lf-prybar-lua-0.0.0-67f7a00/bin:/nix/store/qzxs2gybds3s9kb1vkaflpgm2nwr85fh-prybar-python3-0.0.0-67f7a00/bin:/nix/store/km94z9mxp8w4m8gxxp5mbfpdf3nkfvd8-prybar-sqlite-0.0.0-67f7a00/bin:/nix/store/2pnc7b76asw0z59c4l6h6qy8arwqrii1-prybar-tcl-0.0.0-67f7a00/bin:/nix/store/hpbvrlwd5viqmvcaisb3x0118i913a9n-st
LD_LIBRARY_PATH=/nix/store/a4pff549sk2idnkpzk5nsfps3mdkdnvm-cups-2.4.2-lib/lib:/nix/store/72mqxxhh3cy5yifh92wh2yb8cl2hikyy-cairo-1.16.0/lib:/nix/store/2k366jrbsra97gjfxwvrhvixjfxdach5-glib-2.74.1/lib:/nix/store/2j2znigd8ak37rlwh9khz0ry3clqlw1l-gtk+3-3.24.34/lib:/nix/store/hisqvx32cd57apbpcsnkpx6k3549wql1-libglvnd-1.4.0/lib:/nix/store/p36pgcv991mq5srvg765b78yqpxvk3qs-mesa-21.3.3-drivers/lib:/nix/store/mav4251if1ahjq5vkpwycyyvnmy459c4-pulseaudio-14.2/lib
DISPLAY=:0
LANG=en_US.UTF-8

Signal Handlers:
   SIGSEGV: crash_handler in libjvm.so, mask=11100100010111111101111111111110, flags=SA_RESTART|SA_SIGINFO
    SIGBUS: crash_handler in libjvm.so, mask=11100100010111111101111111111110, flags=SA_RESTART|SA_SIGINFO
    SIGFPE: crash_handler in libjvm.so, mask=11100100010111111101111111111110, flags=SA_RESTART|SA_SIGINFO
   SIGPIPE: IsolateEnterStub_IgnoreSIGPIPEStartupHook_noopSignalHandler_8f19bff2f35b5f630d83b364d6b2339320d4ec70_216e8361c6bc87a8f89f58cc10d3b2fd4415bf87 in libjvmcicompiler.so, mask=00000000000000000000000000000000, flags=SA_RESTART
  *** Handler was modified!
  *** Expected: javaSignalHandler in libjvm.so, mask=11100100110111111111111111111110, flags=SA_RESTART|SA_SIGINFO
   SIGXFSZ: javaSignalHandler in libjvm.so, mask=11100100010111111101111111111110, flags=SA_RESTART|SA_SIGINFO
    SIGILL: crash_handler in libjvm.so, mask=11100100010111111101111111111110, flags=SA_RESTART|SA_SIGINFO
   SIGUSR2: SR_handler in libjvm.so, mask=00000000000000000000000000000000, flags=SA_RESTART|SA_SIGINFO
    SIGHUP: UserHandler in libjvm.so, mask=11100100010111111101111111111110, flags=SA_RESTART|SA_SIGINFO
    SIGINT: UserHandler in libjvm.so, mask=11100100010111111101111111111110, flags=SA_RESTART|SA_SIGINFO
   SIGTERM: UserHandler in libjvm.so, mask=11100100010111111101111111111110, flags=SA_RESTART|SA_SIGINFO
   SIGQUIT: UserHandler in libjvm.so, mask=11100100010111111101111111111110, flags=SA_RESTART|SA_SIGINFO
  *** Handler was modified!
  *** Expected: javaSignalHandler in libjvm.so, mask=11100100110111111111111111111110, flags=SA_RESTART|SA_SIGINFO
   SIGTRAP: crash_handler in libjvm.so, mask=11100100010111111101111111111110, flags=SA_RESTART|SA_SIGINFO


---------------  S Y S T E M  ---------------

OS:
DISTRIB_ID=Ubuntu
DISTRIB_RELEASE=20.04
DISTRIB_CODENAME=focal
DISTRIB_DESCRIPTION="Ubuntu 20.04.2 LTS"
uname: Linux 5.15.0-1029-gcp #36~20.04.1-Ubuntu SMP Tue Jan 24 16:54:15 UTC 2023 x86_64
OS uptime: 0 days 7:02 hours
libc: glibc 2.35 NPTL 2.35 
rlimit (soft/hard): STACK 8192k/infinity , CORE infinity/infinity , NPROC infinity/infinity , NOFILE 5242/5242 , AS infinity/infinity , CPU infinity/infinity , DATA infinity/infinity , FSIZE infinity/infinity , MEMLOCK 64k/64k
load average: 3.37 4.13 3.89

/proc/meminfo:
MemTotal:       32872708 kB
MemFree:         9145616 kB
MemAvailable:   23754104 kB
Buffers:         1827560 kB
Cached:         11921712 kB
SwapCached:            0 kB
Active:          6450140 kB
Inactive:       14134620 kB
Active(anon):      11852 kB
Inactive(anon):  6661880 kB
Active(file):    6438288 kB
Inactive(file):  7472740 kB
Unevictable:       44032 kB
Mlocked:           44032 kB
SwapTotal:             0 kB
SwapFree:              0 kB
Dirty:              2104 kB
Writeback:             4 kB
AnonPages:       6690676 kB
Mapped:          1560428 kB
Shmem:             30016 kB
KReclaimable:    1163296 kB
Slab:            2409620 kB
SReclaimable:    1163296 kB
SUnreclaim:      1246324 kB
KernelStack:      354496 kB
PageTables:        83716 kB
NFS_Unstable:          0 kB
Bounce:                0 kB
WritebackTmp:          0 kB
CommitLimit:    16436352 kB
Committed_AS:   32993928 kB
VmallocTotal:   34359738367 kB
VmallocUsed:      394564 kB
VmallocChunk:          0 kB
Percpu:            40192 kB
HardwareCorrupted:     0 kB
AnonHugePages:    221184 kB
ShmemHugePages:        0 kB
ShmemPmdMapped:        0 kB
FileHugePages:         0 kB
FilePmdMapped:         0 kB
HugePages_Total:       0
HugePages_Free:        0
HugePages_Rsvd:        0
HugePages_Surp:        0
Hugepagesize:       2048 kB
Hugetlb:               0 kB
DirectMap4k:     3431232 kB
DirectMap2M:    28022784 kB
DirectMap1G:     4194304 kB

/sys/kernel/mm/transparent_hugepage/enabled: always [madvise] never
/sys/kernel/mm/transparent_hugepage/defrag (defrag/compaction efforts parameter): always defer defer+madvise [madvise] never

Process Memory:
Virtual Size: 3858668K (peak: 3894836K)
Resident Set Size: 718020K (peak: 748516K) (anon: 520856K, file: 197164K, shmem: 0K)
Swapped out: 0K
C-Heap outstanding allocations: 40255K, retained: 12604K
glibc malloc tunables: (default)

/proc/sys/kernel/threads-max (system-wide limit on the number of threads): 256750
/proc/sys/vm/max_map_count (maximum number of memory map areas a process may have): 65530
/proc/sys/kernel/pid_max (system-wide limit on number of process identifiers): 4194304

container (cgroup) information:
container_type: cgroupv1
cpu_cpuset_cpus: 1-3
cpu_memory_nodes: 0
active_processor_count: 1
cpu_quota: 50000
cpu_period: 100000
cpu_shares: 512
memory_limit_in_bytes: 1048576 k
memory_and_swap_limit_in_bytes: 1048576 k
memory_soft_limit_in_bytes: 524288 k
memory_usage_in_bytes: 561216 k
memory_max_usage_in_bytes: 611600 k
maximum number of tasks: 1000
current number of tasks: 51

KVM virtualization detected
Steal ticks since vm start: 0
Steal ticks percentage since vm start:  0.000

CPU: total 4 (initial active 1) (4 cores per cpu, 2 threads per core) family 25 model 1 stepping 0 microcode 0xffffffff, cx8, cmov, fxsr, ht, mmx, 3dnowpref, sse, sse2, sse3, ssse3, sse4a, sse4.1, sse4.2, popcnt, lzcnt, tsc, tscinvbit, avx, avx2, aes, erms, clmul, bmi1, bmi2, adx, sha, fma, vzeroupper, clflush, clflushopt, hv
CPU Model and flags from /proc/cpuinfo:
model name	: AMD EPYC 7B13
flags		: fpu vme de pse tsc msr pae mce cx8 apic sep mtrr pge mca cmov pat pse36 clflush mmx fxsr sse sse2 ht syscall nx mmxext fxsr_opt pdpe1gb rdtscp lm constant_tsc rep_good nopl nonstop_tsc cpuid extd_apicid tsc_known_freq pni pclmulqdq ssse3 fma cx16 pcid sse4_1 sse4_2 movbe popcnt aes xsave avx f16c rdrand hypervisor lahf_lm cmp_legacy cr8_legacy abm sse4a misalignsse 3dnowprefetch osvw topoext invpcid_single ssbd ibrs ibpb stibp vmmcall fsgsbase tsc_adjust bmi1 avx2 smep bmi2 erms invpcid rdseed adx smap clflushopt clwb sha_ni xsaveopt xsavec xgetbv1 clzero xsaveerptr arat npt nrip_save umip vaes vpclmulqdq rdpid fsrm

Online cpus: 0-3
Offline cpus: 
BIOS frequency limitation: <Not Available>
Frequency switch latency (ns): <Not Available>
Available cpu frequencies: <Not Available>
Current governor: <Not Available>
Core performance/turbo boost: <Not Available>

Memory: 4k page, physical 1048576k(487352k free), swap 0k(0k free)
Page Sizes: 4k

vm_info: OpenJDK 64-Bit Server VM (17.0.5+8-jvmci-22.3-b08) for linux-amd64 JRE (17.0.5+8-jvmci-22.3-b08), built on Oct 19 2022 09:01:27 by "buildslave" with gcc 10.3.0

END.
